<?xml version="1.0" encoding="UTF-8"?>
<!-- Generated by org.testng.reporters.JUnitReportReporter -->
<testsuite hostname="LAPTOP-RPK18C26" failures="0" tests="1000" name="testngflags.Flag3" time="5.623" errors="0" timestamp="2022-06-07T21:46:45 IST" skipped="0">
  <testcase classname="testngflags.Flag3" name="login" time="0.000"/>
  <system-out>
    <![CDATA[inconsistent bug]]>
  </system-out>
  <testcase classname="testngflags.Flag3" name="login" time="0.002"/>
  <system-out>
    <![CDATA[inconsistent bug]]>
  </system-out>
  <testcase classname="testngflags.Flag3" name="login" time="0.004"/>
  <system-out>
    <![CDATA[inconsistent bug]]>
  </system-out>
  <testcase classname="testngflags.Flag3" name="login" time="0.006"/>
  <system-out>
    <![CDATA[inconsistent bug]]>
  </system-out>
  <testcase classname="testngflags.Flag3" name="login" time="0.001"/>
  <system-out>
    <![CDATA[inconsistent bug]]>
  </system-out>
  <testcase classname="testngflags.Flag3" name="login" time="0.001"/>
  <system-out>
    <![CDATA[inconsistent bug]]>
  </system-out>
  <testcase classname="testngflags.Flag3" name="login" time="0.000"/>
  <system-out>
    <![CDATA[inconsistent bug]]>
  </system-out>
  <testcase classname="testngflags.Flag3" name="login" time="0.001"/>
  <system-out>
    <![CDATA[inconsistent bug]]>
  </system-out>
  <testcase classname="testngflags.Flag3" name="login" time="0.001"/>
  <system-out>
    <![CDATA[inconsistent bug]]>
  </system-out>
  <testcase classname="testngflags.Flag3" name="login" time="0.003"/>
  <system-out>
    <![CDATA[inconsistent bug]]>
  </system-out>
  <testcase classname="testngflags.Flag3" name="login" time="0.005"/>
  <system-out>
    <![CDATA[inconsistent bug]]>
  </system-out>
  <testcase classname="testngflags.Flag3" name="login" time="0.000"/>
  <system-out>
    <![CDATA[inconsistent bug]]>
  </system-out>
  <testcase classname="testngflags.Flag3" name="login" time="0.001"/>
  <system-out>
    <![CDATA[inconsistent bug]]>
  </system-out>
  <testcase classname="testngflags.Flag3" name="login" time="0.001"/>
  <system-out>
    <![CDATA[inconsistent bug]]>
  </system-out>
  <testcase classname="testngflags.Flag3" name="login" time="0.001"/>
  <system-out>
    <![CDATA[inconsistent bug]]>
  </system-out>
  <testcase classname="testngflags.Flag3" name="login" time="0.001"/>
  <system-out>
    <![CDATA[inconsistent bug]]>
  </system-out>
  <testcase classname="testngflags.Flag3" name="login" time="0.001"/>
  <system-out>
    <![CDATA[inconsistent bug]]>
  </system-out>
  <testcase classname="testngflags.Flag3" name="login" time="0.001"/>
  <system-out>
    <![CDATA[inconsistent bug]]>
  </system-out>
  <testcase classname="testngflags.Flag3" name="login" time="0.001"/>
  <system-out>
    <![CDATA[inconsistent bug]]>
  </system-out>
  <testcase classname="testngflags.Flag3" name="login" time="0.001"/>
  <system-out>
    <![CDATA[inconsistent bug]]>
  </system-out>
  <testcase classname="testngflags.Flag3" name="login" time="0.002"/>
  <system-out>
    <![CDATA[inconsistent bug]]>
  </system-out>
  <testcase classname="testngflags.Flag3" name="login" time="0.001"/>
  <system-out>
    <![CDATA[inconsistent bug]]>
  </system-out>
  <testcase classname="testngflags.Flag3" name="login" time="0.001"/>
  <system-out>
    <![CDATA[inconsistent bug]]>
  </system-out>
  <testcase classname="testngflags.Flag3" name="login" time="0.001"/>
  <system-out>
    <![CDATA[inconsistent bug]]>
  </system-out>
  <testcase classname="testngflags.Flag3" name="login" time="0.168"/>
  <system-out>
    <![CDATA[inconsistent bug]]>
  </system-out>
  <testcase classname="testngflags.Flag3" name="login" time="0.001"/>
  <system-out>
    <![CDATA[inconsistent bug]]>
  </system-out>
  <testcase classname="testngflags.Flag3" name="login" time="0.001"/>
  <system-out>
    <![CDATA[inconsistent bug]]>
  </system-out>
  <testcase classname="testngflags.Flag3" name="login" time="0.001"/>
  <system-out>
    <![CDATA[inconsistent bug]]>
  </system-out>
  <testcase classname="testngflags.Flag3" name="login" time="0.001"/>
  <system-out>
    <![CDATA[inconsistent bug]]>
  </system-out>
  <testcase classname="testngflags.Flag3" name="login" time="0.023"/>
  <system-out>
    <![CDATA[inconsistent bug]]>
  </system-out>
  <testcase classname="testngflags.Flag3" name="login" time="0.001"/>
  <system-out>
    <![CDATA[inconsistent bug]]>
  </system-out>
  <testcase classname="testngflags.Flag3" name="login" time="0.001"/>
  <system-out>
    <![CDATA[inconsistent bug]]>
  </system-out>
  <testcase classname="testngflags.Flag3" name="login" time="0.002"/>
  <system-out>
    <![CDATA[inconsistent bug]]>
  </system-out>
  <testcase classname="testngflags.Flag3" name="login" time="0.001"/>
  <system-out>
    <![CDATA[inconsistent bug]]>
  </system-out>
  <testcase classname="testngflags.Flag3" name="login" time="0.001"/>
  <system-out>
    <![CDATA[inconsistent bug]]>
  </system-out>
  <testcase classname="testngflags.Flag3" name="login" time="0.001"/>
  <system-out>
    <![CDATA[inconsistent bug]]>
  </system-out>
  <testcase classname="testngflags.Flag3" name="login" time="0.001"/>
  <system-out>
    <![CDATA[inconsistent bug]]>
  </system-out>
  <testcase classname="testngflags.Flag3" name="login" time="0.001"/>
  <system-out>
    <![CDATA[inconsistent bug]]>
  </system-out>
  <testcase classname="testngflags.Flag3" name="login" time="0.192"/>
  <system-out>
    <![CDATA[inconsistent bug]]>
  </system-out>
  <testcase classname="testngflags.Flag3" name="login" time="0.004"/>
  <system-out>
    <![CDATA[inconsistent bug]]>
  </system-out>
  <testcase classname="testngflags.Flag3" name="login" time="0.002"/>
  <system-out>
    <![CDATA[inconsistent bug]]>
  </system-out>
  <testcase classname="testngflags.Flag3" name="login" time="0.000"/>
  <system-out>
    <![CDATA[inconsistent bug]]>
  </system-out>
  <testcase classname="testngflags.Flag3" name="login" time="0.033"/>
  <system-out>
    <![CDATA[inconsistent bug]]>
  </system-out>
  <testcase classname="testngflags.Flag3" name="login" time="0.001"/>
  <system-out>
    <![CDATA[inconsistent bug]]>
  </system-out>
  <testcase classname="testngflags.Flag3" name="login" time="0.003"/>
  <system-out>
    <![CDATA[inconsistent bug]]>
  </system-out>
  <testcase classname="testngflags.Flag3" name="login" time="0.017"/>
  <system-out>
    <![CDATA[inconsistent bug]]>
  </system-out>
  <testcase classname="testngflags.Flag3" name="login" time="0.002"/>
  <system-out>
    <![CDATA[inconsistent bug]]>
  </system-out>
  <testcase classname="testngflags.Flag3" name="login" time="0.020"/>
  <system-out>
    <![CDATA[inconsistent bug]]>
  </system-out>
  <testcase classname="testngflags.Flag3" name="login" time="0.001"/>
  <system-out>
    <![CDATA[inconsistent bug]]>
  </system-out>
  <testcase classname="testngflags.Flag3" name="login" time="0.001"/>
  <system-out>
    <![CDATA[inconsistent bug]]>
  </system-out>
  <testcase classname="testngflags.Flag3" name="login" time="0.001"/>
  <system-out>
    <![CDATA[inconsistent bug]]>
  </system-out>
  <testcase classname="testngflags.Flag3" name="login" time="0.001"/>
  <system-out>
    <![CDATA[inconsistent bug]]>
  </system-out>
  <testcase classname="testngflags.Flag3" name="login" time="0.002"/>
  <system-out>
    <![CDATA[inconsistent bug]]>
  </system-out>
  <testcase classname="testngflags.Flag3" name="login" time="0.001"/>
  <system-out>
    <![CDATA[inconsistent bug]]>
  </system-out>
  <testcase classname="testngflags.Flag3" name="login" time="0.001"/>
  <system-out>
    <![CDATA[inconsistent bug]]>
  </system-out>
  <testcase classname="testngflags.Flag3" name="login" time="0.002"/>
  <system-out>
    <![CDATA[inconsistent bug]]>
  </system-out>
  <testcase classname="testngflags.Flag3" name="login" time="0.001"/>
  <system-out>
    <![CDATA[inconsistent bug]]>
  </system-out>
  <testcase classname="testngflags.Flag3" name="login" time="0.001"/>
  <system-out>
    <![CDATA[inconsistent bug]]>
  </system-out>
  <testcase classname="testngflags.Flag3" name="login" time="0.001"/>
  <system-out>
    <![CDATA[inconsistent bug]]>
  </system-out>
  <testcase classname="testngflags.Flag3" name="login" time="0.001"/>
  <system-out>
    <![CDATA[inconsistent bug]]>
  </system-out>
  <testcase classname="testngflags.Flag3" name="login" time="0.063"/>
  <system-out>
    <![CDATA[inconsistent bug]]>
  </system-out>
  <testcase classname="testngflags.Flag3" name="login" time="0.001"/>
  <system-out>
    <![CDATA[inconsistent bug]]>
  </system-out>
  <testcase classname="testngflags.Flag3" name="login" time="0.103"/>
  <system-out>
    <![CDATA[inconsistent bug]]>
  </system-out>
  <testcase classname="testngflags.Flag3" name="login" time="0.001"/>
  <system-out>
    <![CDATA[inconsistent bug]]>
  </system-out>
  <testcase classname="testngflags.Flag3" name="login" time="0.107"/>
  <system-out>
    <![CDATA[inconsistent bug]]>
  </system-out>
  <testcase classname="testngflags.Flag3" name="login" time="0.000"/>
  <system-out>
    <![CDATA[inconsistent bug]]>
  </system-out>
  <testcase classname="testngflags.Flag3" name="login" time="0.001"/>
  <system-out>
    <![CDATA[inconsistent bug]]>
  </system-out>
  <testcase classname="testngflags.Flag3" name="login" time="0.002"/>
  <system-out>
    <![CDATA[inconsistent bug]]>
  </system-out>
  <testcase classname="testngflags.Flag3" name="login" time="0.001"/>
  <system-out>
    <![CDATA[inconsistent bug]]>
  </system-out>
  <testcase classname="testngflags.Flag3" name="login" time="0.000"/>
  <system-out>
    <![CDATA[inconsistent bug]]>
  </system-out>
  <testcase classname="testngflags.Flag3" name="login" time="0.000"/>
  <system-out>
    <![CDATA[inconsistent bug]]>
  </system-out>
  <testcase classname="testngflags.Flag3" name="login" time="0.003"/>
  <system-out>
    <![CDATA[inconsistent bug]]>
  </system-out>
  <testcase classname="testngflags.Flag3" name="login" time="0.003"/>
  <system-out>
    <![CDATA[inconsistent bug]]>
  </system-out>
  <testcase classname="testngflags.Flag3" name="login" time="0.001"/>
  <system-out>
    <![CDATA[inconsistent bug]]>
  </system-out>
  <testcase classname="testngflags.Flag3" name="login" time="0.000"/>
  <system-out>
    <![CDATA[inconsistent bug]]>
  </system-out>
  <testcase classname="testngflags.Flag3" name="login" time="0.001"/>
  <system-out>
    <![CDATA[inconsistent bug]]>
  </system-out>
  <testcase classname="testngflags.Flag3" name="login" time="0.001"/>
  <system-out>
    <![CDATA[inconsistent bug]]>
  </system-out>
  <testcase classname="testngflags.Flag3" name="login" time="0.001"/>
  <system-out>
    <![CDATA[inconsistent bug]]>
  </system-out>
  <testcase classname="testngflags.Flag3" name="login" time="0.000"/>
  <system-out>
    <![CDATA[inconsistent bug]]>
  </system-out>
  <testcase classname="testngflags.Flag3" name="login" time="0.001"/>
  <system-out>
    <![CDATA[inconsistent bug]]>
  </system-out>
  <testcase classname="testngflags.Flag3" name="login" time="0.000"/>
  <system-out>
    <![CDATA[inconsistent bug]]>
  </system-out>
  <testcase classname="testngflags.Flag3" name="login" time="0.001"/>
  <system-out>
    <![CDATA[inconsistent bug]]>
  </system-out>
  <testcase classname="testngflags.Flag3" name="login" time="0.000"/>
  <system-out>
    <![CDATA[inconsistent bug]]>
  </system-out>
  <testcase classname="testngflags.Flag3" name="login" time="0.001"/>
  <system-out>
    <![CDATA[inconsistent bug]]>
  </system-out>
  <testcase classname="testngflags.Flag3" name="login" time="0.000"/>
  <system-out>
    <![CDATA[inconsistent bug]]>
  </system-out>
  <testcase classname="testngflags.Flag3" name="login" time="0.001"/>
  <system-out>
    <![CDATA[inconsistent bug]]>
  </system-out>
  <testcase classname="testngflags.Flag3" name="login" time="0.001"/>
  <system-out>
    <![CDATA[inconsistent bug]]>
  </system-out>
  <testcase classname="testngflags.Flag3" name="login" time="0.002"/>
  <system-out>
    <![CDATA[inconsistent bug]]>
  </system-out>
  <testcase classname="testngflags.Flag3" name="login" time="0.001"/>
  <system-out>
    <![CDATA[inconsistent bug]]>
  </system-out>
  <testcase classname="testngflags.Flag3" name="login" time="0.001"/>
  <system-out>
    <![CDATA[inconsistent bug]]>
  </system-out>
  <testcase classname="testngflags.Flag3" name="login" time="0.001"/>
  <system-out>
    <![CDATA[inconsistent bug]]>
  </system-out>
  <testcase classname="testngflags.Flag3" name="login" time="0.001"/>
  <system-out>
    <![CDATA[inconsistent bug]]>
  </system-out>
  <testcase classname="testngflags.Flag3" name="login" time="0.000"/>
  <system-out>
    <![CDATA[inconsistent bug]]>
  </system-out>
  <testcase classname="testngflags.Flag3" name="login" time="0.001"/>
  <system-out>
    <![CDATA[inconsistent bug]]>
  </system-out>
  <testcase classname="testngflags.Flag3" name="login" time="0.001"/>
  <system-out>
    <![CDATA[inconsistent bug]]>
  </system-out>
  <testcase classname="testngflags.Flag3" name="login" time="0.001"/>
  <system-out>
    <![CDATA[inconsistent bug]]>
  </system-out>
  <testcase classname="testngflags.Flag3" name="login" time="0.000"/>
  <system-out>
    <![CDATA[inconsistent bug]]>
  </system-out>
  <testcase classname="testngflags.Flag3" name="login" time="0.001"/>
  <system-out>
    <![CDATA[inconsistent bug]]>
  </system-out>
  <testcase classname="testngflags.Flag3" name="login" time="0.001"/>
  <system-out>
    <![CDATA[inconsistent bug]]>
  </system-out>
  <testcase classname="testngflags.Flag3" name="login" time="0.001"/>
  <system-out>
    <![CDATA[inconsistent bug]]>
  </system-out>
  <testcase classname="testngflags.Flag3" name="login" time="0.001"/>
  <system-out>
    <![CDATA[inconsistent bug]]>
  </system-out>
  <testcase classname="testngflags.Flag3" name="login" time="0.002"/>
  <system-out>
    <![CDATA[inconsistent bug]]>
  </system-out>
  <testcase classname="testngflags.Flag3" name="login" time="0.000"/>
  <system-out>
    <![CDATA[inconsistent bug]]>
  </system-out>
  <testcase classname="testngflags.Flag3" name="login" time="0.001"/>
  <system-out>
    <![CDATA[inconsistent bug]]>
  </system-out>
  <testcase classname="testngflags.Flag3" name="login" time="0.001"/>
  <system-out>
    <![CDATA[inconsistent bug]]>
  </system-out>
  <testcase classname="testngflags.Flag3" name="login" time="0.001"/>
  <system-out>
    <![CDATA[inconsistent bug]]>
  </system-out>
  <testcase classname="testngflags.Flag3" name="login" time="0.002"/>
  <system-out>
    <![CDATA[inconsistent bug]]>
  </system-out>
  <testcase classname="testngflags.Flag3" name="login" time="0.001"/>
  <system-out>
    <![CDATA[inconsistent bug]]>
  </system-out>
  <testcase classname="testngflags.Flag3" name="login" time="0.003"/>
  <system-out>
    <![CDATA[inconsistent bug]]>
  </system-out>
  <testcase classname="testngflags.Flag3" name="login" time="0.001"/>
  <system-out>
    <![CDATA[inconsistent bug]]>
  </system-out>
  <testcase classname="testngflags.Flag3" name="login" time="0.001"/>
  <system-out>
    <![CDATA[inconsistent bug]]>
  </system-out>
  <testcase classname="testngflags.Flag3" name="login" time="0.001"/>
  <system-out>
    <![CDATA[inconsistent bug]]>
  </system-out>
  <testcase classname="testngflags.Flag3" name="login" time="0.000"/>
  <system-out>
    <![CDATA[inconsistent bug]]>
  </system-out>
  <testcase classname="testngflags.Flag3" name="login" time="0.001"/>
  <system-out>
    <![CDATA[inconsistent bug]]>
  </system-out>
  <testcase classname="testngflags.Flag3" name="login" time="0.001"/>
  <system-out>
    <![CDATA[inconsistent bug]]>
  </system-out>
  <testcase classname="testngflags.Flag3" name="login" time="0.003"/>
  <system-out>
    <![CDATA[inconsistent bug]]>
  </system-out>
  <testcase classname="testngflags.Flag3" name="login" time="0.001"/>
  <system-out>
    <![CDATA[inconsistent bug]]>
  </system-out>
  <testcase classname="testngflags.Flag3" name="login" time="0.001"/>
  <system-out>
    <![CDATA[inconsistent bug]]>
  </system-out>
  <testcase classname="testngflags.Flag3" name="login" time="0.002"/>
  <system-out>
    <![CDATA[inconsistent bug]]>
  </system-out>
  <testcase classname="testngflags.Flag3" name="login" time="0.003"/>
  <system-out>
    <![CDATA[inconsistent bug]]>
  </system-out>
  <testcase classname="testngflags.Flag3" name="login" time="0.000"/>
  <system-out>
    <![CDATA[inconsistent bug]]>
  </system-out>
  <testcase classname="testngflags.Flag3" name="login" time="0.001"/>
  <system-out>
    <![CDATA[inconsistent bug]]>
  </system-out>
  <testcase classname="testngflags.Flag3" name="login" time="0.001"/>
  <system-out>
    <![CDATA[inconsistent bug]]>
  </system-out>
  <testcase classname="testngflags.Flag3" name="login" time="0.001"/>
  <system-out>
    <![CDATA[inconsistent bug]]>
  </system-out>
  <testcase classname="testngflags.Flag3" name="login" time="0.001"/>
  <system-out>
    <![CDATA[inconsistent bug]]>
  </system-out>
  <testcase classname="testngflags.Flag3" name="login" time="0.001"/>
  <system-out>
    <![CDATA[inconsistent bug]]>
  </system-out>
  <testcase classname="testngflags.Flag3" name="login" time="0.001"/>
  <system-out>
    <![CDATA[inconsistent bug]]>
  </system-out>
  <testcase classname="testngflags.Flag3" name="login" time="0.001"/>
  <system-out>
    <![CDATA[inconsistent bug]]>
  </system-out>
  <testcase classname="testngflags.Flag3" name="login" time="0.001"/>
  <system-out>
    <![CDATA[inconsistent bug]]>
  </system-out>
  <testcase classname="testngflags.Flag3" name="login" time="0.001"/>
  <system-out>
    <![CDATA[inconsistent bug]]>
  </system-out>
  <testcase classname="testngflags.Flag3" name="login" time="0.000"/>
  <system-out>
    <![CDATA[inconsistent bug]]>
  </system-out>
  <testcase classname="testngflags.Flag3" name="login" time="0.001"/>
  <system-out>
    <![CDATA[inconsistent bug]]>
  </system-out>
  <testcase classname="testngflags.Flag3" name="login" time="0.002"/>
  <system-out>
    <![CDATA[inconsistent bug]]>
  </system-out>
  <testcase classname="testngflags.Flag3" name="login" time="0.001"/>
  <system-out>
    <![CDATA[inconsistent bug]]>
  </system-out>
  <testcase classname="testngflags.Flag3" name="login" time="0.001"/>
  <system-out>
    <![CDATA[inconsistent bug]]>
  </system-out>
  <testcase classname="testngflags.Flag3" name="login" time="0.001"/>
  <system-out>
    <![CDATA[inconsistent bug]]>
  </system-out>
  <testcase classname="testngflags.Flag3" name="login" time="0.001"/>
  <system-out>
    <![CDATA[inconsistent bug]]>
  </system-out>
  <testcase classname="testngflags.Flag3" name="login" time="0.002"/>
  <system-out>
    <![CDATA[inconsistent bug]]>
  </system-out>
  <testcase classname="testngflags.Flag3" name="login" time="0.002"/>
  <system-out>
    <![CDATA[inconsistent bug]]>
  </system-out>
  <testcase classname="testngflags.Flag3" name="login" time="0.000"/>
  <system-out>
    <![CDATA[inconsistent bug]]>
  </system-out>
  <testcase classname="testngflags.Flag3" name="login" time="0.000"/>
  <system-out>
    <![CDATA[inconsistent bug]]>
  </system-out>
  <testcase classname="testngflags.Flag3" name="login" time="0.001"/>
  <system-out>
    <![CDATA[inconsistent bug]]>
  </system-out>
  <testcase classname="testngflags.Flag3" name="login" time="0.001"/>
  <system-out>
    <![CDATA[inconsistent bug]]>
  </system-out>
  <testcase classname="testngflags.Flag3" name="login" time="0.001"/>
  <system-out>
    <![CDATA[inconsistent bug]]>
  </system-out>
  <testcase classname="testngflags.Flag3" name="login" time="0.000"/>
  <system-out>
    <![CDATA[inconsistent bug]]>
  </system-out>
  <testcase classname="testngflags.Flag3" name="login" time="0.006"/>
  <system-out>
    <![CDATA[inconsistent bug]]>
  </system-out>
  <testcase classname="testngflags.Flag3" name="login" time="0.001"/>
  <system-out>
    <![CDATA[inconsistent bug]]>
  </system-out>
  <testcase classname="testngflags.Flag3" name="login" time="0.001"/>
  <system-out>
    <![CDATA[inconsistent bug]]>
  </system-out>
  <testcase classname="testngflags.Flag3" name="login" time="0.001"/>
  <system-out>
    <![CDATA[inconsistent bug]]>
  </system-out>
  <testcase classname="testngflags.Flag3" name="login" time="0.005"/>
  <system-out>
    <![CDATA[inconsistent bug]]>
  </system-out>
  <testcase classname="testngflags.Flag3" name="login" time="0.001"/>
  <system-out>
    <![CDATA[inconsistent bug]]>
  </system-out>
  <testcase classname="testngflags.Flag3" name="login" time="0.069"/>
  <system-out>
    <![CDATA[inconsistent bug]]>
  </system-out>
  <testcase classname="testngflags.Flag3" name="login" time="0.019"/>
  <system-out>
    <![CDATA[inconsistent bug]]>
  </system-out>
  <testcase classname="testngflags.Flag3" name="login" time="0.000"/>
  <system-out>
    <![CDATA[inconsistent bug]]>
  </system-out>
  <testcase classname="testngflags.Flag3" name="login" time="0.002"/>
  <system-out>
    <![CDATA[inconsistent bug]]>
  </system-out>
  <testcase classname="testngflags.Flag3" name="login" time="0.001"/>
  <system-out>
    <![CDATA[inconsistent bug]]>
  </system-out>
  <testcase classname="testngflags.Flag3" name="login" time="0.002"/>
  <system-out>
    <![CDATA[inconsistent bug]]>
  </system-out>
  <testcase classname="testngflags.Flag3" name="login" time="0.001"/>
  <system-out>
    <![CDATA[inconsistent bug]]>
  </system-out>
  <testcase classname="testngflags.Flag3" name="login" time="0.001"/>
  <system-out>
    <![CDATA[inconsistent bug]]>
  </system-out>
  <testcase classname="testngflags.Flag3" name="login" time="0.001"/>
  <system-out>
    <![CDATA[inconsistent bug]]>
  </system-out>
  <testcase classname="testngflags.Flag3" name="login" time="0.000"/>
  <system-out>
    <![CDATA[inconsistent bug]]>
  </system-out>
  <testcase classname="testngflags.Flag3" name="login" time="0.001"/>
  <system-out>
    <![CDATA[inconsistent bug]]>
  </system-out>
  <testcase classname="testngflags.Flag3" name="login" time="0.000"/>
  <system-out>
    <![CDATA[inconsistent bug]]>
  </system-out>
  <testcase classname="testngflags.Flag3" name="login" time="0.001"/>
  <system-out>
    <![CDATA[inconsistent bug]]>
  </system-out>
  <testcase classname="testngflags.Flag3" name="login" time="0.001"/>
  <system-out>
    <![CDATA[inconsistent bug]]>
  </system-out>
  <testcase classname="testngflags.Flag3" name="login" time="0.000"/>
  <system-out>
    <![CDATA[inconsistent bug]]>
  </system-out>
  <testcase classname="testngflags.Flag3" name="login" time="0.001"/>
  <system-out>
    <![CDATA[inconsistent bug]]>
  </system-out>
  <testcase classname="testngflags.Flag3" name="login" time="0.000"/>
  <system-out>
    <![CDATA[inconsistent bug]]>
  </system-out>
  <testcase classname="testngflags.Flag3" name="login" time="0.001"/>
  <system-out>
    <![CDATA[inconsistent bug]]>
  </system-out>
  <testcase classname="testngflags.Flag3" name="login" time="0.001"/>
  <system-out>
    <![CDATA[inconsistent bug]]>
  </system-out>
  <testcase classname="testngflags.Flag3" name="login" time="0.001"/>
  <system-out>
    <![CDATA[inconsistent bug]]>
  </system-out>
  <testcase classname="testngflags.Flag3" name="login" time="0.001"/>
  <system-out>
    <![CDATA[inconsistent bug]]>
  </system-out>
  <testcase classname="testngflags.Flag3" name="login" time="0.001"/>
  <system-out>
    <![CDATA[inconsistent bug]]>
  </system-out>
  <testcase classname="testngflags.Flag3" name="login" time="0.001"/>
  <system-out>
    <![CDATA[inconsistent bug]]>
  </system-out>
  <testcase classname="testngflags.Flag3" name="login" time="0.002"/>
  <system-out>
    <![CDATA[inconsistent bug]]>
  </system-out>
  <testcase classname="testngflags.Flag3" name="login" time="0.001"/>
  <system-out>
    <![CDATA[inconsistent bug]]>
  </system-out>
  <testcase classname="testngflags.Flag3" name="login" time="0.088"/>
  <system-out>
    <![CDATA[inconsistent bug]]>
  </system-out>
  <testcase classname="testngflags.Flag3" name="login" time="0.001"/>
  <system-out>
    <![CDATA[inconsistent bug]]>
  </system-out>
  <testcase classname="testngflags.Flag3" name="login" time="0.000"/>
  <system-out>
    <![CDATA[inconsistent bug]]>
  </system-out>
  <testcase classname="testngflags.Flag3" name="login" time="0.001"/>
  <system-out>
    <![CDATA[inconsistent bug]]>
  </system-out>
  <testcase classname="testngflags.Flag3" name="login" time="0.001"/>
  <system-out>
    <![CDATA[inconsistent bug]]>
  </system-out>
  <testcase classname="testngflags.Flag3" name="login" time="0.001"/>
  <system-out>
    <![CDATA[inconsistent bug]]>
  </system-out>
  <testcase classname="testngflags.Flag3" name="login" time="0.001"/>
  <system-out>
    <![CDATA[inconsistent bug]]>
  </system-out>
  <testcase classname="testngflags.Flag3" name="login" time="0.001"/>
  <system-out>
    <![CDATA[inconsistent bug]]>
  </system-out>
  <testcase classname="testngflags.Flag3" name="login" time="0.147"/>
  <system-out>
    <![CDATA[inconsistent bug]]>
  </system-out>
  <testcase classname="testngflags.Flag3" name="login" time="0.001"/>
  <system-out>
    <![CDATA[inconsistent bug]]>
  </system-out>
  <testcase classname="testngflags.Flag3" name="login" time="0.001"/>
  <system-out>
    <![CDATA[inconsistent bug]]>
  </system-out>
  <testcase classname="testngflags.Flag3" name="login" time="0.001"/>
  <system-out>
    <![CDATA[inconsistent bug]]>
  </system-out>
  <testcase classname="testngflags.Flag3" name="login" time="0.003"/>
  <system-out>
    <![CDATA[inconsistent bug]]>
  </system-out>
  <testcase classname="testngflags.Flag3" name="login" time="0.001"/>
  <system-out>
    <![CDATA[inconsistent bug]]>
  </system-out>
  <testcase classname="testngflags.Flag3" name="login" time="0.001"/>
  <system-out>
    <![CDATA[inconsistent bug]]>
  </system-out>
  <testcase classname="testngflags.Flag3" name="login" time="0.012"/>
  <system-out>
    <![CDATA[inconsistent bug]]>
  </system-out>
  <testcase classname="testngflags.Flag3" name="login" time="0.001"/>
  <system-out>
    <![CDATA[inconsistent bug]]>
  </system-out>
  <testcase classname="testngflags.Flag3" name="login" time="0.004"/>
  <system-out>
    <![CDATA[inconsistent bug]]>
  </system-out>
  <testcase classname="testngflags.Flag3" name="login" time="0.002"/>
  <system-out>
    <![CDATA[inconsistent bug]]>
  </system-out>
  <testcase classname="testngflags.Flag3" name="login" time="0.001"/>
  <system-out>
    <![CDATA[inconsistent bug]]>
  </system-out>
  <testcase classname="testngflags.Flag3" name="login" time="0.001"/>
  <system-out>
    <![CDATA[inconsistent bug]]>
  </system-out>
  <testcase classname="testngflags.Flag3" name="login" time="0.000"/>
  <system-out>
    <![CDATA[inconsistent bug]]>
  </system-out>
  <testcase classname="testngflags.Flag3" name="login" time="0.002"/>
  <system-out>
    <![CDATA[inconsistent bug]]>
  </system-out>
  <testcase classname="testngflags.Flag3" name="login" time="0.001"/>
  <system-out>
    <![CDATA[inconsistent bug]]>
  </system-out>
  <testcase classname="testngflags.Flag3" name="login" time="0.005"/>
  <system-out>
    <![CDATA[inconsistent bug]]>
  </system-out>
  <testcase classname="testngflags.Flag3" name="login" time="0.002"/>
  <system-out>
    <![CDATA[inconsistent bug]]>
  </system-out>
  <testcase classname="testngflags.Flag3" name="login" time="0.001"/>
  <system-out>
    <![CDATA[inconsistent bug]]>
  </system-out>
  <testcase classname="testngflags.Flag3" name="login" time="0.000"/>
  <system-out>
    <![CDATA[inconsistent bug]]>
  </system-out>
  <testcase classname="testngflags.Flag3" name="login" time="0.002"/>
  <system-out>
    <![CDATA[inconsistent bug]]>
  </system-out>
  <testcase classname="testngflags.Flag3" name="login" time="0.003"/>
  <system-out>
    <![CDATA[inconsistent bug]]>
  </system-out>
  <testcase classname="testngflags.Flag3" name="login" time="0.001"/>
  <system-out>
    <![CDATA[inconsistent bug]]>
  </system-out>
  <testcase classname="testngflags.Flag3" name="login" time="0.000"/>
  <system-out>
    <![CDATA[inconsistent bug]]>
  </system-out>
  <testcase classname="testngflags.Flag3" name="login" time="0.001"/>
  <system-out>
    <![CDATA[inconsistent bug]]>
  </system-out>
  <testcase classname="testngflags.Flag3" name="login" time="0.002"/>
  <system-out>
    <![CDATA[inconsistent bug]]>
  </system-out>
  <testcase classname="testngflags.Flag3" name="login" time="0.001"/>
  <system-out>
    <![CDATA[inconsistent bug]]>
  </system-out>
  <testcase classname="testngflags.Flag3" name="login" time="0.002"/>
  <system-out>
    <![CDATA[inconsistent bug]]>
  </system-out>
  <testcase classname="testngflags.Flag3" name="login" time="0.002"/>
  <system-out>
    <![CDATA[inconsistent bug]]>
  </system-out>
  <testcase classname="testngflags.Flag3" name="login" time="0.000"/>
  <system-out>
    <![CDATA[inconsistent bug]]>
  </system-out>
  <testcase classname="testngflags.Flag3" name="login" time="0.001"/>
  <system-out>
    <![CDATA[inconsistent bug]]>
  </system-out>
  <testcase classname="testngflags.Flag3" name="login" time="0.001"/>
  <system-out>
    <![CDATA[inconsistent bug]]>
  </system-out>
  <testcase classname="testngflags.Flag3" name="login" time="0.001"/>
  <system-out>
    <![CDATA[inconsistent bug]]>
  </system-out>
  <testcase classname="testngflags.Flag3" name="login" time="0.001"/>
  <system-out>
    <![CDATA[inconsistent bug]]>
  </system-out>
  <testcase classname="testngflags.Flag3" name="login" time="0.001"/>
  <system-out>
    <![CDATA[inconsistent bug]]>
  </system-out>
  <testcase classname="testngflags.Flag3" name="login" time="0.001"/>
  <system-out>
    <![CDATA[inconsistent bug]]>
  </system-out>
  <testcase classname="testngflags.Flag3" name="login" time="0.001"/>
  <system-out>
    <![CDATA[inconsistent bug]]>
  </system-out>
  <testcase classname="testngflags.Flag3" name="login" time="0.001"/>
  <system-out>
    <![CDATA[inconsistent bug]]>
  </system-out>
  <testcase classname="testngflags.Flag3" name="login" time="0.002"/>
  <system-out>
    <![CDATA[inconsistent bug]]>
  </system-out>
  <testcase classname="testngflags.Flag3" name="login" time="0.001"/>
  <system-out>
    <![CDATA[inconsistent bug]]>
  </system-out>
  <testcase classname="testngflags.Flag3" name="login" time="0.001"/>
  <system-out>
    <![CDATA[inconsistent bug]]>
  </system-out>
  <testcase classname="testngflags.Flag3" name="login" time="0.002"/>
  <system-out>
    <![CDATA[inconsistent bug]]>
  </system-out>
  <testcase classname="testngflags.Flag3" name="login" time="0.004"/>
  <system-out>
    <![CDATA[inconsistent bug]]>
  </system-out>
  <testcase classname="testngflags.Flag3" name="login" time="0.002"/>
  <system-out>
    <![CDATA[inconsistent bug]]>
  </system-out>
  <testcase classname="testngflags.Flag3" name="login" time="0.003"/>
  <system-out>
    <![CDATA[inconsistent bug]]>
  </system-out>
  <testcase classname="testngflags.Flag3" name="login" time="0.001"/>
  <system-out>
    <![CDATA[inconsistent bug]]>
  </system-out>
  <testcase classname="testngflags.Flag3" name="login" time="0.015"/>
  <system-out>
    <![CDATA[inconsistent bug]]>
  </system-out>
  <testcase classname="testngflags.Flag3" name="login" time="0.001"/>
  <system-out>
    <![CDATA[inconsistent bug]]>
  </system-out>
  <testcase classname="testngflags.Flag3" name="login" time="0.137"/>
  <system-out>
    <![CDATA[inconsistent bug]]>
  </system-out>
  <testcase classname="testngflags.Flag3" name="login" time="0.001"/>
  <system-out>
    <![CDATA[inconsistent bug]]>
  </system-out>
  <testcase classname="testngflags.Flag3" name="login" time="0.001"/>
  <system-out>
    <![CDATA[inconsistent bug]]>
  </system-out>
  <testcase classname="testngflags.Flag3" name="login" time="0.004"/>
  <system-out>
    <![CDATA[inconsistent bug]]>
  </system-out>
  <testcase classname="testngflags.Flag3" name="login" time="0.001"/>
  <system-out>
    <![CDATA[inconsistent bug]]>
  </system-out>
  <testcase classname="testngflags.Flag3" name="login" time="0.001"/>
  <system-out>
    <![CDATA[inconsistent bug]]>
  </system-out>
  <testcase classname="testngflags.Flag3" name="login" time="0.000"/>
  <system-out>
    <![CDATA[inconsistent bug]]>
  </system-out>
  <testcase classname="testngflags.Flag3" name="login" time="0.001"/>
  <system-out>
    <![CDATA[inconsistent bug]]>
  </system-out>
  <testcase classname="testngflags.Flag3" name="login" time="0.001"/>
  <system-out>
    <![CDATA[inconsistent bug]]>
  </system-out>
  <testcase classname="testngflags.Flag3" name="login" time="0.128"/>
  <system-out>
    <![CDATA[inconsistent bug]]>
  </system-out>
  <testcase classname="testngflags.Flag3" name="login" time="0.001"/>
  <system-out>
    <![CDATA[inconsistent bug]]>
  </system-out>
  <testcase classname="testngflags.Flag3" name="login" time="0.001"/>
  <system-out>
    <![CDATA[inconsistent bug]]>
  </system-out>
  <testcase classname="testngflags.Flag3" name="login" time="0.001"/>
  <system-out>
    <![CDATA[inconsistent bug]]>
  </system-out>
  <testcase classname="testngflags.Flag3" name="login" time="0.001"/>
  <system-out>
    <![CDATA[inconsistent bug]]>
  </system-out>
  <testcase classname="testngflags.Flag3" name="login" time="0.001"/>
  <system-out>
    <![CDATA[inconsistent bug]]>
  </system-out>
  <testcase classname="testngflags.Flag3" name="login" time="0.001"/>
  <system-out>
    <![CDATA[inconsistent bug]]>
  </system-out>
  <testcase classname="testngflags.Flag3" name="login" time="0.001"/>
  <system-out>
    <![CDATA[inconsistent bug]]>
  </system-out>
  <testcase classname="testngflags.Flag3" name="login" time="0.001"/>
  <system-out>
    <![CDATA[inconsistent bug]]>
  </system-out>
  <testcase classname="testngflags.Flag3" name="login" time="0.001"/>
  <system-out>
    <![CDATA[inconsistent bug]]>
  </system-out>
  <testcase classname="testngflags.Flag3" name="login" time="0.001"/>
  <system-out>
    <![CDATA[inconsistent bug]]>
  </system-out>
  <testcase classname="testngflags.Flag3" name="login" time="0.008"/>
  <system-out>
    <![CDATA[inconsistent bug]]>
  </system-out>
  <testcase classname="testngflags.Flag3" name="login" time="0.000"/>
  <system-out>
    <![CDATA[inconsistent bug]]>
  </system-out>
  <testcase classname="testngflags.Flag3" name="login" time="0.003"/>
  <system-out>
    <![CDATA[inconsistent bug]]>
  </system-out>
  <testcase classname="testngflags.Flag3" name="login" time="0.000"/>
  <system-out>
    <![CDATA[inconsistent bug]]>
  </system-out>
  <testcase classname="testngflags.Flag3" name="login" time="0.192"/>
  <system-out>
    <![CDATA[inconsistent bug]]>
  </system-out>
  <testcase classname="testngflags.Flag3" name="login" time="0.000"/>
  <system-out>
    <![CDATA[inconsistent bug]]>
  </system-out>
  <testcase classname="testngflags.Flag3" name="login" time="0.001"/>
  <system-out>
    <![CDATA[inconsistent bug]]>
  </system-out>
  <testcase classname="testngflags.Flag3" name="login" time="0.023"/>
  <system-out>
    <![CDATA[inconsistent bug]]>
  </system-out>
  <testcase classname="testngflags.Flag3" name="login" time="0.001"/>
  <system-out>
    <![CDATA[inconsistent bug]]>
  </system-out>
  <testcase classname="testngflags.Flag3" name="login" time="0.001"/>
  <system-out>
    <![CDATA[inconsistent bug]]>
  </system-out>
  <testcase classname="testngflags.Flag3" name="login" time="0.000"/>
  <system-out>
    <![CDATA[inconsistent bug]]>
  </system-out>
  <testcase classname="testngflags.Flag3" name="login" time="0.001"/>
  <system-out>
    <![CDATA[inconsistent bug]]>
  </system-out>
  <testcase classname="testngflags.Flag3" name="login" time="0.001"/>
  <system-out>
    <![CDATA[inconsistent bug]]>
  </system-out>
  <testcase classname="testngflags.Flag3" name="login" time="0.002"/>
  <system-out>
    <![CDATA[inconsistent bug]]>
  </system-out>
  <testcase classname="testngflags.Flag3" name="login" time="0.001"/>
  <system-out>
    <![CDATA[inconsistent bug]]>
  </system-out>
  <testcase classname="testngflags.Flag3" name="login" time="0.001"/>
  <system-out>
    <![CDATA[inconsistent bug]]>
  </system-out>
  <testcase classname="testngflags.Flag3" name="login" time="0.000"/>
  <system-out>
    <![CDATA[inconsistent bug]]>
  </system-out>
  <testcase classname="testngflags.Flag3" name="login" time="0.001"/>
  <system-out>
    <![CDATA[inconsistent bug]]>
  </system-out>
  <testcase classname="testngflags.Flag3" name="login" time="0.023"/>
  <system-out>
    <![CDATA[inconsistent bug]]>
  </system-out>
  <testcase classname="testngflags.Flag3" name="login" time="0.000"/>
  <system-out>
    <![CDATA[inconsistent bug]]>
  </system-out>
  <testcase classname="testngflags.Flag3" name="login" time="0.001"/>
  <system-out>
    <![CDATA[inconsistent bug]]>
  </system-out>
  <testcase classname="testngflags.Flag3" name="login" time="0.009"/>
  <system-out>
    <![CDATA[inconsistent bug]]>
  </system-out>
  <testcase classname="testngflags.Flag3" name="login" time="0.000"/>
  <system-out>
    <![CDATA[inconsistent bug]]>
  </system-out>
  <testcase classname="testngflags.Flag3" name="login" time="0.001"/>
  <system-out>
    <![CDATA[inconsistent bug]]>
  </system-out>
  <testcase classname="testngflags.Flag3" name="login" time="0.001"/>
  <system-out>
    <![CDATA[inconsistent bug]]>
  </system-out>
  <testcase classname="testngflags.Flag3" name="login" time="0.007"/>
  <system-out>
    <![CDATA[inconsistent bug]]>
  </system-out>
  <testcase classname="testngflags.Flag3" name="login" time="0.001"/>
  <system-out>
    <![CDATA[inconsistent bug]]>
  </system-out>
  <testcase classname="testngflags.Flag3" name="login" time="0.001"/>
  <system-out>
    <![CDATA[inconsistent bug]]>
  </system-out>
  <testcase classname="testngflags.Flag3" name="login" time="0.001"/>
  <system-out>
    <![CDATA[inconsistent bug]]>
  </system-out>
  <testcase classname="testngflags.Flag3" name="login" time="0.001"/>
  <system-out>
    <![CDATA[inconsistent bug]]>
  </system-out>
  <testcase classname="testngflags.Flag3" name="login" time="0.001"/>
  <system-out>
    <![CDATA[inconsistent bug]]>
  </system-out>
  <testcase classname="testngflags.Flag3" name="login" time="0.000"/>
  <system-out>
    <![CDATA[inconsistent bug]]>
  </system-out>
  <testcase classname="testngflags.Flag3" name="login" time="0.001"/>
  <system-out>
    <![CDATA[inconsistent bug]]>
  </system-out>
  <testcase classname="testngflags.Flag3" name="login" time="0.001"/>
  <system-out>
    <![CDATA[inconsistent bug]]>
  </system-out>
  <testcase classname="testngflags.Flag3" name="login" time="0.027"/>
  <system-out>
    <![CDATA[inconsistent bug]]>
  </system-out>
  <testcase classname="testngflags.Flag3" name="login" time="0.003"/>
  <system-out>
    <![CDATA[inconsistent bug]]>
  </system-out>
  <testcase classname="testngflags.Flag3" name="login" time="0.001"/>
  <system-out>
    <![CDATA[inconsistent bug]]>
  </system-out>
  <testcase classname="testngflags.Flag3" name="login" time="0.000"/>
  <system-out>
    <![CDATA[inconsistent bug]]>
  </system-out>
  <testcase classname="testngflags.Flag3" name="login" time="0.001"/>
  <system-out>
    <![CDATA[inconsistent bug]]>
  </system-out>
  <testcase classname="testngflags.Flag3" name="login" time="0.001"/>
  <system-out>
    <![CDATA[inconsistent bug]]>
  </system-out>
  <testcase classname="testngflags.Flag3" name="login" time="0.001"/>
  <system-out>
    <![CDATA[inconsistent bug]]>
  </system-out>
  <testcase classname="testngflags.Flag3" name="login" time="0.001"/>
  <system-out>
    <![CDATA[inconsistent bug]]>
  </system-out>
  <testcase classname="testngflags.Flag3" name="login" time="0.001"/>
  <system-out>
    <![CDATA[inconsistent bug]]>
  </system-out>
  <testcase classname="testngflags.Flag3" name="login" time="0.000"/>
  <system-out>
    <![CDATA[inconsistent bug]]>
  </system-out>
  <testcase classname="testngflags.Flag3" name="login" time="0.001"/>
  <system-out>
    <![CDATA[inconsistent bug]]>
  </system-out>
  <testcase classname="testngflags.Flag3" name="login" time="0.000"/>
  <system-out>
    <![CDATA[inconsistent bug]]>
  </system-out>
  <testcase classname="testngflags.Flag3" name="login" time="0.002"/>
  <system-out>
    <![CDATA[inconsistent bug]]>
  </system-out>
  <testcase classname="testngflags.Flag3" name="login" time="0.001"/>
  <system-out>
    <![CDATA[inconsistent bug]]>
  </system-out>
  <testcase classname="testngflags.Flag3" name="login" time="0.000"/>
  <system-out>
    <![CDATA[inconsistent bug]]>
  </system-out>
  <testcase classname="testngflags.Flag3" name="login" time="0.001"/>
  <system-out>
    <![CDATA[inconsistent bug]]>
  </system-out>
  <testcase classname="testngflags.Flag3" name="login" time="0.001"/>
  <system-out>
    <![CDATA[inconsistent bug]]>
  </system-out>
  <testcase classname="testngflags.Flag3" name="login" time="0.002"/>
  <system-out>
    <![CDATA[inconsistent bug]]>
  </system-out>
  <testcase classname="testngflags.Flag3" name="login" time="0.000"/>
  <system-out>
    <![CDATA[inconsistent bug]]>
  </system-out>
  <testcase classname="testngflags.Flag3" name="login" time="0.001"/>
  <system-out>
    <![CDATA[inconsistent bug]]>
  </system-out>
  <testcase classname="testngflags.Flag3" name="login" time="0.001"/>
  <system-out>
    <![CDATA[inconsistent bug]]>
  </system-out>
  <testcase classname="testngflags.Flag3" name="login" time="0.003"/>
  <system-out>
    <![CDATA[inconsistent bug]]>
  </system-out>
  <testcase classname="testngflags.Flag3" name="login" time="0.003"/>
  <system-out>
    <![CDATA[inconsistent bug]]>
  </system-out>
  <testcase classname="testngflags.Flag3" name="login" time="0.002"/>
  <system-out>
    <![CDATA[inconsistent bug]]>
  </system-out>
  <testcase classname="testngflags.Flag3" name="login" time="0.002"/>
  <system-out>
    <![CDATA[inconsistent bug]]>
  </system-out>
  <testcase classname="testngflags.Flag3" name="login" time="0.001"/>
  <system-out>
    <![CDATA[inconsistent bug]]>
  </system-out>
  <testcase classname="testngflags.Flag3" name="login" time="0.001"/>
  <system-out>
    <![CDATA[inconsistent bug]]>
  </system-out>
  <testcase classname="testngflags.Flag3" name="login" time="0.001"/>
  <system-out>
    <![CDATA[inconsistent bug]]>
  </system-out>
  <testcase classname="testngflags.Flag3" name="login" time="0.000"/>
  <system-out>
    <![CDATA[inconsistent bug]]>
  </system-out>
  <testcase classname="testngflags.Flag3" name="login" time="0.001"/>
  <system-out>
    <![CDATA[inconsistent bug]]>
  </system-out>
  <testcase classname="testngflags.Flag3" name="login" time="0.001"/>
  <system-out>
    <![CDATA[inconsistent bug]]>
  </system-out>
  <testcase classname="testngflags.Flag3" name="login" time="0.000"/>
  <system-out>
    <![CDATA[inconsistent bug]]>
  </system-out>
  <testcase classname="testngflags.Flag3" name="login" time="0.002"/>
  <system-out>
    <![CDATA[inconsistent bug]]>
  </system-out>
  <testcase classname="testngflags.Flag3" name="login" time="0.001"/>
  <system-out>
    <![CDATA[inconsistent bug]]>
  </system-out>
  <testcase classname="testngflags.Flag3" name="login" time="0.039"/>
  <system-out>
    <![CDATA[inconsistent bug]]>
  </system-out>
  <testcase classname="testngflags.Flag3" name="login" time="0.002"/>
  <system-out>
    <![CDATA[inconsistent bug]]>
  </system-out>
  <testcase classname="testngflags.Flag3" name="login" time="0.000"/>
  <system-out>
    <![CDATA[inconsistent bug]]>
  </system-out>
  <testcase classname="testngflags.Flag3" name="login" time="0.000"/>
  <system-out>
    <![CDATA[inconsistent bug]]>
  </system-out>
  <testcase classname="testngflags.Flag3" name="login" time="0.001"/>
  <system-out>
    <![CDATA[inconsistent bug]]>
  </system-out>
  <testcase classname="testngflags.Flag3" name="login" time="0.001"/>
  <system-out>
    <![CDATA[inconsistent bug]]>
  </system-out>
  <testcase classname="testngflags.Flag3" name="login" time="0.011"/>
  <system-out>
    <![CDATA[inconsistent bug]]>
  </system-out>
  <testcase classname="testngflags.Flag3" name="login" time="0.000"/>
  <system-out>
    <![CDATA[inconsistent bug]]>
  </system-out>
  <testcase classname="testngflags.Flag3" name="login" time="0.001"/>
  <system-out>
    <![CDATA[inconsistent bug]]>
  </system-out>
  <testcase classname="testngflags.Flag3" name="login" time="0.011"/>
  <system-out>
    <![CDATA[inconsistent bug]]>
  </system-out>
  <testcase classname="testngflags.Flag3" name="login" time="0.001"/>
  <system-out>
    <![CDATA[inconsistent bug]]>
  </system-out>
  <testcase classname="testngflags.Flag3" name="login" time="0.003"/>
  <system-out>
    <![CDATA[inconsistent bug]]>
  </system-out>
  <testcase classname="testngflags.Flag3" name="login" time="0.004"/>
  <system-out>
    <![CDATA[inconsistent bug]]>
  </system-out>
  <testcase classname="testngflags.Flag3" name="login" time="0.001"/>
  <system-out>
    <![CDATA[inconsistent bug]]>
  </system-out>
  <testcase classname="testngflags.Flag3" name="login" time="0.001"/>
  <system-out>
    <![CDATA[inconsistent bug]]>
  </system-out>
  <testcase classname="testngflags.Flag3" name="login" time="0.001"/>
  <system-out>
    <![CDATA[inconsistent bug]]>
  </system-out>
  <testcase classname="testngflags.Flag3" name="login" time="0.000"/>
  <system-out>
    <![CDATA[inconsistent bug]]>
  </system-out>
  <testcase classname="testngflags.Flag3" name="login" time="0.001"/>
  <system-out>
    <![CDATA[inconsistent bug]]>
  </system-out>
  <testcase classname="testngflags.Flag3" name="login" time="0.001"/>
  <system-out>
    <![CDATA[inconsistent bug]]>
  </system-out>
  <testcase classname="testngflags.Flag3" name="login" time="0.001"/>
  <system-out>
    <![CDATA[inconsistent bug]]>
  </system-out>
  <testcase classname="testngflags.Flag3" name="login" time="0.001"/>
  <system-out>
    <![CDATA[inconsistent bug]]>
  </system-out>
  <testcase classname="testngflags.Flag3" name="login" time="0.001"/>
  <system-out>
    <![CDATA[inconsistent bug]]>
  </system-out>
  <testcase classname="testngflags.Flag3" name="login" time="0.001"/>
  <system-out>
    <![CDATA[inconsistent bug]]>
  </system-out>
  <testcase classname="testngflags.Flag3" name="login" time="0.002"/>
  <system-out>
    <![CDATA[inconsistent bug]]>
  </system-out>
  <testcase classname="testngflags.Flag3" name="login" time="0.001"/>
  <system-out>
    <![CDATA[inconsistent bug]]>
  </system-out>
  <testcase classname="testngflags.Flag3" name="login" time="0.000"/>
  <system-out>
    <![CDATA[inconsistent bug]]>
  </system-out>
  <testcase classname="testngflags.Flag3" name="login" time="0.005"/>
  <system-out>
    <![CDATA[inconsistent bug]]>
  </system-out>
  <testcase classname="testngflags.Flag3" name="login" time="0.001"/>
  <system-out>
    <![CDATA[inconsistent bug]]>
  </system-out>
  <testcase classname="testngflags.Flag3" name="login" time="0.001"/>
  <system-out>
    <![CDATA[inconsistent bug]]>
  </system-out>
  <testcase classname="testngflags.Flag3" name="login" time="0.001"/>
  <system-out>
    <![CDATA[inconsistent bug]]>
  </system-out>
  <testcase classname="testngflags.Flag3" name="login" time="0.001"/>
  <system-out>
    <![CDATA[inconsistent bug]]>
  </system-out>
  <testcase classname="testngflags.Flag3" name="login" time="0.001"/>
  <system-out>
    <![CDATA[inconsistent bug]]>
  </system-out>
  <testcase classname="testngflags.Flag3" name="login" time="0.001"/>
  <system-out>
    <![CDATA[inconsistent bug]]>
  </system-out>
  <testcase classname="testngflags.Flag3" name="login" time="0.002"/>
  <system-out>
    <![CDATA[inconsistent bug]]>
  </system-out>
  <testcase classname="testngflags.Flag3" name="login" time="0.000"/>
  <system-out>
    <![CDATA[inconsistent bug]]>
  </system-out>
  <testcase classname="testngflags.Flag3" name="login" time="0.001"/>
  <system-out>
    <![CDATA[inconsistent bug]]>
  </system-out>
  <testcase classname="testngflags.Flag3" name="login" time="0.001"/>
  <system-out>
    <![CDATA[inconsistent bug]]>
  </system-out>
  <testcase classname="testngflags.Flag3" name="login" time="0.001"/>
  <system-out>
    <![CDATA[inconsistent bug]]>
  </system-out>
  <testcase classname="testngflags.Flag3" name="login" time="0.032"/>
  <system-out>
    <![CDATA[inconsistent bug]]>
  </system-out>
  <testcase classname="testngflags.Flag3" name="login" time="0.001"/>
  <system-out>
    <![CDATA[inconsistent bug]]>
  </system-out>
  <testcase classname="testngflags.Flag3" name="login" time="0.001"/>
  <system-out>
    <![CDATA[inconsistent bug]]>
  </system-out>
  <testcase classname="testngflags.Flag3" name="login" time="0.001"/>
  <system-out>
    <![CDATA[inconsistent bug]]>
  </system-out>
  <testcase classname="testngflags.Flag3" name="login" time="0.000"/>
  <system-out>
    <![CDATA[inconsistent bug]]>
  </system-out>
  <testcase classname="testngflags.Flag3" name="login" time="0.001"/>
  <system-out>
    <![CDATA[inconsistent bug]]>
  </system-out>
  <testcase classname="testngflags.Flag3" name="login" time="0.001"/>
  <system-out>
    <![CDATA[inconsistent bug]]>
  </system-out>
  <testcase classname="testngflags.Flag3" name="login" time="0.001"/>
  <system-out>
    <![CDATA[inconsistent bug]]>
  </system-out>
  <testcase classname="testngflags.Flag3" name="login" time="0.002"/>
  <system-out>
    <![CDATA[inconsistent bug]]>
  </system-out>
  <testcase classname="testngflags.Flag3" name="login" time="0.000"/>
  <system-out>
    <![CDATA[inconsistent bug]]>
  </system-out>
  <testcase classname="testngflags.Flag3" name="login" time="0.001"/>
  <system-out>
    <![CDATA[inconsistent bug]]>
  </system-out>
  <testcase classname="testngflags.Flag3" name="login" time="0.000"/>
  <system-out>
    <![CDATA[inconsistent bug]]>
  </system-out>
  <testcase classname="testngflags.Flag3" name="login" time="0.068"/>
  <system-out>
    <![CDATA[inconsistent bug]]>
  </system-out>
  <testcase classname="testngflags.Flag3" name="login" time="0.001"/>
  <system-out>
    <![CDATA[inconsistent bug]]>
  </system-out>
  <testcase classname="testngflags.Flag3" name="login" time="0.001"/>
  <system-out>
    <![CDATA[inconsistent bug]]>
  </system-out>
  <testcase classname="testngflags.Flag3" name="login" time="0.001"/>
  <system-out>
    <![CDATA[inconsistent bug]]>
  </system-out>
  <testcase classname="testngflags.Flag3" name="login" time="0.005"/>
  <system-out>
    <![CDATA[inconsistent bug]]>
  </system-out>
  <testcase classname="testngflags.Flag3" name="login" time="0.002"/>
  <system-out>
    <![CDATA[inconsistent bug]]>
  </system-out>
  <testcase classname="testngflags.Flag3" name="login" time="0.000"/>
  <system-out>
    <![CDATA[inconsistent bug]]>
  </system-out>
  <testcase classname="testngflags.Flag3" name="login" time="0.001"/>
  <system-out>
    <![CDATA[inconsistent bug]]>
  </system-out>
  <testcase classname="testngflags.Flag3" name="login" time="0.001"/>
  <system-out>
    <![CDATA[inconsistent bug]]>
  </system-out>
  <testcase classname="testngflags.Flag3" name="login" time="0.001"/>
  <system-out>
    <![CDATA[inconsistent bug]]>
  </system-out>
  <testcase classname="testngflags.Flag3" name="login" time="0.002"/>
  <system-out>
    <![CDATA[inconsistent bug]]>
  </system-out>
  <testcase classname="testngflags.Flag3" name="login" time="0.008"/>
  <system-out>
    <![CDATA[inconsistent bug]]>
  </system-out>
  <testcase classname="testngflags.Flag3" name="login" time="0.000"/>
  <system-out>
    <![CDATA[inconsistent bug]]>
  </system-out>
  <testcase classname="testngflags.Flag3" name="login" time="0.001"/>
  <system-out>
    <![CDATA[inconsistent bug]]>
  </system-out>
  <testcase classname="testngflags.Flag3" name="login" time="0.012"/>
  <system-out>
    <![CDATA[inconsistent bug]]>
  </system-out>
  <testcase classname="testngflags.Flag3" name="login" time="0.002"/>
  <system-out>
    <![CDATA[inconsistent bug]]>
  </system-out>
  <testcase classname="testngflags.Flag3" name="login" time="0.000"/>
  <system-out>
    <![CDATA[inconsistent bug]]>
  </system-out>
  <testcase classname="testngflags.Flag3" name="login" time="0.003"/>
  <system-out>
    <![CDATA[inconsistent bug]]>
  </system-out>
  <testcase classname="testngflags.Flag3" name="login" time="0.001"/>
  <system-out>
    <![CDATA[inconsistent bug]]>
  </system-out>
  <testcase classname="testngflags.Flag3" name="login" time="0.001"/>
  <system-out>
    <![CDATA[inconsistent bug]]>
  </system-out>
  <testcase classname="testngflags.Flag3" name="login" time="0.001"/>
  <system-out>
    <![CDATA[inconsistent bug]]>
  </system-out>
  <testcase classname="testngflags.Flag3" name="login" time="0.000"/>
  <system-out>
    <![CDATA[inconsistent bug]]>
  </system-out>
  <testcase classname="testngflags.Flag3" name="login" time="0.000"/>
  <system-out>
    <![CDATA[inconsistent bug]]>
  </system-out>
  <testcase classname="testngflags.Flag3" name="login" time="0.001"/>
  <system-out>
    <![CDATA[inconsistent bug]]>
  </system-out>
  <testcase classname="testngflags.Flag3" name="login" time="0.001"/>
  <system-out>
    <![CDATA[inconsistent bug]]>
  </system-out>
  <testcase classname="testngflags.Flag3" name="login" time="0.001"/>
  <system-out>
    <![CDATA[inconsistent bug]]>
  </system-out>
  <testcase classname="testngflags.Flag3" name="login" time="0.000"/>
  <system-out>
    <![CDATA[inconsistent bug]]>
  </system-out>
  <testcase classname="testngflags.Flag3" name="login" time="0.002"/>
  <system-out>
    <![CDATA[inconsistent bug]]>
  </system-out>
  <testcase classname="testngflags.Flag3" name="login" time="0.001"/>
  <system-out>
    <![CDATA[inconsistent bug]]>
  </system-out>
  <testcase classname="testngflags.Flag3" name="login" time="0.000"/>
  <system-out>
    <![CDATA[inconsistent bug]]>
  </system-out>
  <testcase classname="testngflags.Flag3" name="login" time="0.001"/>
  <system-out>
    <![CDATA[inconsistent bug]]>
  </system-out>
  <testcase classname="testngflags.Flag3" name="login" time="0.002"/>
  <system-out>
    <![CDATA[inconsistent bug]]>
  </system-out>
  <testcase classname="testngflags.Flag3" name="login" time="0.002"/>
  <system-out>
    <![CDATA[inconsistent bug]]>
  </system-out>
  <testcase classname="testngflags.Flag3" name="login" time="0.001"/>
  <system-out>
    <![CDATA[inconsistent bug]]>
  </system-out>
  <testcase classname="testngflags.Flag3" name="login" time="0.001"/>
  <system-out>
    <![CDATA[inconsistent bug]]>
  </system-out>
  <testcase classname="testngflags.Flag3" name="login" time="0.001"/>
  <system-out>
    <![CDATA[inconsistent bug]]>
  </system-out>
  <testcase classname="testngflags.Flag3" name="login" time="0.001"/>
  <system-out>
    <![CDATA[inconsistent bug]]>
  </system-out>
  <testcase classname="testngflags.Flag3" name="login" time="0.001"/>
  <system-out>
    <![CDATA[inconsistent bug]]>
  </system-out>
  <testcase classname="testngflags.Flag3" name="login" time="0.002"/>
  <system-out>
    <![CDATA[inconsistent bug]]>
  </system-out>
  <testcase classname="testngflags.Flag3" name="login" time="0.003"/>
  <system-out>
    <![CDATA[inconsistent bug]]>
  </system-out>
  <testcase classname="testngflags.Flag3" name="login" time="0.002"/>
  <system-out>
    <![CDATA[inconsistent bug]]>
  </system-out>
  <testcase classname="testngflags.Flag3" name="login" time="0.000"/>
  <system-out>
    <![CDATA[inconsistent bug]]>
  </system-out>
  <testcase classname="testngflags.Flag3" name="login" time="0.001"/>
  <system-out>
    <![CDATA[inconsistent bug]]>
  </system-out>
  <testcase classname="testngflags.Flag3" name="login" time="0.001"/>
  <system-out>
    <![CDATA[inconsistent bug]]>
  </system-out>
  <testcase classname="testngflags.Flag3" name="login" time="0.002"/>
  <system-out>
    <![CDATA[inconsistent bug]]>
  </system-out>
  <testcase classname="testngflags.Flag3" name="login" time="0.002"/>
  <system-out>
    <![CDATA[inconsistent bug]]>
  </system-out>
  <testcase classname="testngflags.Flag3" name="login" time="0.001"/>
  <system-out>
    <![CDATA[inconsistent bug]]>
  </system-out>
  <testcase classname="testngflags.Flag3" name="login" time="0.001"/>
  <system-out>
    <![CDATA[inconsistent bug]]>
  </system-out>
  <testcase classname="testngflags.Flag3" name="login" time="0.001"/>
  <system-out>
    <![CDATA[inconsistent bug]]>
  </system-out>
  <testcase classname="testngflags.Flag3" name="login" time="0.001"/>
  <system-out>
    <![CDATA[inconsistent bug]]>
  </system-out>
  <testcase classname="testngflags.Flag3" name="login" time="0.001"/>
  <system-out>
    <![CDATA[inconsistent bug]]>
  </system-out>
  <testcase classname="testngflags.Flag3" name="login" time="0.005"/>
  <system-out>
    <![CDATA[inconsistent bug]]>
  </system-out>
  <testcase classname="testngflags.Flag3" name="login" time="0.003"/>
  <system-out>
    <![CDATA[inconsistent bug]]>
  </system-out>
  <testcase classname="testngflags.Flag3" name="login" time="0.008"/>
  <system-out>
    <![CDATA[inconsistent bug]]>
  </system-out>
  <testcase classname="testngflags.Flag3" name="login" time="0.001"/>
  <system-out>
    <![CDATA[inconsistent bug]]>
  </system-out>
  <testcase classname="testngflags.Flag3" name="login" time="0.001"/>
  <system-out>
    <![CDATA[inconsistent bug]]>
  </system-out>
  <testcase classname="testngflags.Flag3" name="login" time="0.002"/>
  <system-out>
    <![CDATA[inconsistent bug]]>
  </system-out>
  <testcase classname="testngflags.Flag3" name="login" time="0.001"/>
  <system-out>
    <![CDATA[inconsistent bug]]>
  </system-out>
  <testcase classname="testngflags.Flag3" name="login" time="0.001"/>
  <system-out>
    <![CDATA[inconsistent bug]]>
  </system-out>
  <testcase classname="testngflags.Flag3" name="login" time="0.001"/>
  <system-out>
    <![CDATA[inconsistent bug]]>
  </system-out>
  <testcase classname="testngflags.Flag3" name="login" time="0.002"/>
  <system-out>
    <![CDATA[inconsistent bug]]>
  </system-out>
  <testcase classname="testngflags.Flag3" name="login" time="0.001"/>
  <system-out>
    <![CDATA[inconsistent bug]]>
  </system-out>
  <testcase classname="testngflags.Flag3" name="login" time="0.004"/>
  <system-out>
    <![CDATA[inconsistent bug]]>
  </system-out>
  <testcase classname="testngflags.Flag3" name="login" time="0.003"/>
  <system-out>
    <![CDATA[inconsistent bug]]>
  </system-out>
  <testcase classname="testngflags.Flag3" name="login" time="0.001"/>
  <system-out>
    <![CDATA[inconsistent bug]]>
  </system-out>
  <testcase classname="testngflags.Flag3" name="login" time="0.001"/>
  <system-out>
    <![CDATA[inconsistent bug]]>
  </system-out>
  <testcase classname="testngflags.Flag3" name="login" time="0.001"/>
  <system-out>
    <![CDATA[inconsistent bug]]>
  </system-out>
  <testcase classname="testngflags.Flag3" name="login" time="0.001"/>
  <system-out>
    <![CDATA[inconsistent bug]]>
  </system-out>
  <testcase classname="testngflags.Flag3" name="login" time="0.001"/>
  <system-out>
    <![CDATA[inconsistent bug]]>
  </system-out>
  <testcase classname="testngflags.Flag3" name="login" time="0.001"/>
  <system-out>
    <![CDATA[inconsistent bug]]>
  </system-out>
  <testcase classname="testngflags.Flag3" name="login" time="0.001"/>
  <system-out>
    <![CDATA[inconsistent bug]]>
  </system-out>
  <testcase classname="testngflags.Flag3" name="login" time="0.000"/>
  <system-out>
    <![CDATA[inconsistent bug]]>
  </system-out>
  <testcase classname="testngflags.Flag3" name="login" time="0.001"/>
  <system-out>
    <![CDATA[inconsistent bug]]>
  </system-out>
  <testcase classname="testngflags.Flag3" name="login" time="0.001"/>
  <system-out>
    <![CDATA[inconsistent bug]]>
  </system-out>
  <testcase classname="testngflags.Flag3" name="login" time="0.001"/>
  <system-out>
    <![CDATA[inconsistent bug]]>
  </system-out>
  <testcase classname="testngflags.Flag3" name="login" time="0.001"/>
  <system-out>
    <![CDATA[inconsistent bug]]>
  </system-out>
  <testcase classname="testngflags.Flag3" name="login" time="0.010"/>
  <system-out>
    <![CDATA[inconsistent bug]]>
  </system-out>
  <testcase classname="testngflags.Flag3" name="login" time="0.001"/>
  <system-out>
    <![CDATA[inconsistent bug]]>
  </system-out>
  <testcase classname="testngflags.Flag3" name="login" time="0.001"/>
  <system-out>
    <![CDATA[inconsistent bug]]>
  </system-out>
  <testcase classname="testngflags.Flag3" name="login" time="0.001"/>
  <system-out>
    <![CDATA[inconsistent bug]]>
  </system-out>
  <testcase classname="testngflags.Flag3" name="login" time="0.001"/>
  <system-out>
    <![CDATA[inconsistent bug]]>
  </system-out>
  <testcase classname="testngflags.Flag3" name="login" time="0.001"/>
  <system-out>
    <![CDATA[inconsistent bug]]>
  </system-out>
  <testcase classname="testngflags.Flag3" name="login" time="0.001"/>
  <system-out>
    <![CDATA[inconsistent bug]]>
  </system-out>
  <testcase classname="testngflags.Flag3" name="login" time="0.001"/>
  <system-out>
    <![CDATA[inconsistent bug]]>
  </system-out>
  <testcase classname="testngflags.Flag3" name="login" time="0.001"/>
  <system-out>
    <![CDATA[inconsistent bug]]>
  </system-out>
  <testcase classname="testngflags.Flag3" name="login" time="0.003"/>
  <system-out>
    <![CDATA[inconsistent bug]]>
  </system-out>
  <testcase classname="testngflags.Flag3" name="login" time="0.280"/>
  <system-out>
    <![CDATA[inconsistent bug]]>
  </system-out>
  <testcase classname="testngflags.Flag3" name="login" time="0.001"/>
  <system-out>
    <![CDATA[inconsistent bug]]>
  </system-out>
  <testcase classname="testngflags.Flag3" name="login" time="0.000"/>
  <system-out>
    <![CDATA[inconsistent bug]]>
  </system-out>
  <testcase classname="testngflags.Flag3" name="login" time="0.001"/>
  <system-out>
    <![CDATA[inconsistent bug]]>
  </system-out>
  <testcase classname="testngflags.Flag3" name="login" time="0.001"/>
  <system-out>
    <![CDATA[inconsistent bug]]>
  </system-out>
  <testcase classname="testngflags.Flag3" name="login" time="0.001"/>
  <system-out>
    <![CDATA[inconsistent bug]]>
  </system-out>
  <testcase classname="testngflags.Flag3" name="login" time="0.001"/>
  <system-out>
    <![CDATA[inconsistent bug]]>
  </system-out>
  <testcase classname="testngflags.Flag3" name="login" time="0.001"/>
  <system-out>
    <![CDATA[inconsistent bug]]>
  </system-out>
  <testcase classname="testngflags.Flag3" name="login" time="0.000"/>
  <system-out>
    <![CDATA[inconsistent bug]]>
  </system-out>
  <testcase classname="testngflags.Flag3" name="login" time="0.186"/>
  <system-out>
    <![CDATA[inconsistent bug]]>
  </system-out>
  <testcase classname="testngflags.Flag3" name="login" time="0.001"/>
  <system-out>
    <![CDATA[inconsistent bug]]>
  </system-out>
  <testcase classname="testngflags.Flag3" name="login" time="0.001"/>
  <system-out>
    <![CDATA[inconsistent bug]]>
  </system-out>
  <testcase classname="testngflags.Flag3" name="login" time="0.001"/>
  <system-out>
    <![CDATA[inconsistent bug]]>
  </system-out>
  <testcase classname="testngflags.Flag3" name="login" time="0.002"/>
  <system-out>
    <![CDATA[inconsistent bug]]>
  </system-out>
  <testcase classname="testngflags.Flag3" name="login" time="0.001"/>
  <system-out>
    <![CDATA[inconsistent bug]]>
  </system-out>
  <testcase classname="testngflags.Flag3" name="login" time="0.003"/>
  <system-out>
    <![CDATA[inconsistent bug]]>
  </system-out>
  <testcase classname="testngflags.Flag3" name="login" time="0.002"/>
  <system-out>
    <![CDATA[inconsistent bug]]>
  </system-out>
  <testcase classname="testngflags.Flag3" name="login" time="0.000"/>
  <system-out>
    <![CDATA[inconsistent bug]]>
  </system-out>
  <testcase classname="testngflags.Flag3" name="login" time="0.001"/>
  <system-out>
    <![CDATA[inconsistent bug]]>
  </system-out>
  <testcase classname="testngflags.Flag3" name="login" time="0.001"/>
  <system-out>
    <![CDATA[inconsistent bug]]>
  </system-out>
  <testcase classname="testngflags.Flag3" name="login" time="0.001"/>
  <system-out>
    <![CDATA[inconsistent bug]]>
  </system-out>
  <testcase classname="testngflags.Flag3" name="login" time="0.002"/>
  <system-out>
    <![CDATA[inconsistent bug]]>
  </system-out>
  <testcase classname="testngflags.Flag3" name="login" time="0.001"/>
  <system-out>
    <![CDATA[inconsistent bug]]>
  </system-out>
  <testcase classname="testngflags.Flag3" name="login" time="0.001"/>
  <system-out>
    <![CDATA[inconsistent bug]]>
  </system-out>
  <testcase classname="testngflags.Flag3" name="login" time="0.118"/>
  <system-out>
    <![CDATA[inconsistent bug]]>
  </system-out>
  <testcase classname="testngflags.Flag3" name="login" time="0.001"/>
  <system-out>
    <![CDATA[inconsistent bug]]>
  </system-out>
  <testcase classname="testngflags.Flag3" name="login" time="0.001"/>
  <system-out>
    <![CDATA[inconsistent bug]]>
  </system-out>
  <testcase classname="testngflags.Flag3" name="login" time="0.008"/>
  <system-out>
    <![CDATA[inconsistent bug]]>
  </system-out>
  <testcase classname="testngflags.Flag3" name="login" time="0.001"/>
  <system-out>
    <![CDATA[inconsistent bug]]>
  </system-out>
  <testcase classname="testngflags.Flag3" name="login" time="0.001"/>
  <system-out>
    <![CDATA[inconsistent bug]]>
  </system-out>
  <testcase classname="testngflags.Flag3" name="login" time="0.000"/>
  <system-out>
    <![CDATA[inconsistent bug]]>
  </system-out>
  <testcase classname="testngflags.Flag3" name="login" time="0.001"/>
  <system-out>
    <![CDATA[inconsistent bug]]>
  </system-out>
  <testcase classname="testngflags.Flag3" name="login" time="0.001"/>
  <system-out>
    <![CDATA[inconsistent bug]]>
  </system-out>
  <testcase classname="testngflags.Flag3" name="login" time="0.001"/>
  <system-out>
    <![CDATA[inconsistent bug]]>
  </system-out>
  <testcase classname="testngflags.Flag3" name="login" time="0.000"/>
  <system-out>
    <![CDATA[inconsistent bug]]>
  </system-out>
  <testcase classname="testngflags.Flag3" name="login" time="0.018"/>
  <system-out>
    <![CDATA[inconsistent bug]]>
  </system-out>
  <testcase classname="testngflags.Flag3" name="login" time="0.002"/>
  <system-out>
    <![CDATA[inconsistent bug]]>
  </system-out>
  <testcase classname="testngflags.Flag3" name="login" time="0.013"/>
  <system-out>
    <![CDATA[inconsistent bug]]>
  </system-out>
  <testcase classname="testngflags.Flag3" name="login" time="0.002"/>
  <system-out>
    <![CDATA[inconsistent bug]]>
  </system-out>
  <testcase classname="testngflags.Flag3" name="login" time="0.001"/>
  <system-out>
    <![CDATA[inconsistent bug]]>
  </system-out>
  <testcase classname="testngflags.Flag3" name="login" time="0.001"/>
  <system-out>
    <![CDATA[inconsistent bug]]>
  </system-out>
  <testcase classname="testngflags.Flag3" name="login" time="0.003"/>
  <system-out>
    <![CDATA[inconsistent bug]]>
  </system-out>
  <testcase classname="testngflags.Flag3" name="login" time="0.001"/>
  <system-out>
    <![CDATA[inconsistent bug]]>
  </system-out>
  <testcase classname="testngflags.Flag3" name="login" time="0.001"/>
  <system-out>
    <![CDATA[inconsistent bug]]>
  </system-out>
  <testcase classname="testngflags.Flag3" name="login" time="0.001"/>
  <system-out>
    <![CDATA[inconsistent bug]]>
  </system-out>
  <testcase classname="testngflags.Flag3" name="login" time="0.000"/>
  <system-out>
    <![CDATA[inconsistent bug]]>
  </system-out>
  <testcase classname="testngflags.Flag3" name="login" time="0.001"/>
  <system-out>
    <![CDATA[inconsistent bug]]>
  </system-out>
  <testcase classname="testngflags.Flag3" name="login" time="0.001"/>
  <system-out>
    <![CDATA[inconsistent bug]]>
  </system-out>
  <testcase classname="testngflags.Flag3" name="login" time="0.001"/>
  <system-out>
    <![CDATA[inconsistent bug]]>
  </system-out>
  <testcase classname="testngflags.Flag3" name="login" time="0.001"/>
  <system-out>
    <![CDATA[inconsistent bug]]>
  </system-out>
  <testcase classname="testngflags.Flag3" name="login" time="0.001"/>
  <system-out>
    <![CDATA[inconsistent bug]]>
  </system-out>
  <testcase classname="testngflags.Flag3" name="login" time="0.001"/>
  <system-out>
    <![CDATA[inconsistent bug]]>
  </system-out>
  <testcase classname="testngflags.Flag3" name="login" time="0.002"/>
  <system-out>
    <![CDATA[inconsistent bug]]>
  </system-out>
  <testcase classname="testngflags.Flag3" name="login" time="0.001"/>
  <system-out>
    <![CDATA[inconsistent bug]]>
  </system-out>
  <testcase classname="testngflags.Flag3" name="login" time="0.014"/>
  <system-out>
    <![CDATA[inconsistent bug]]>
  </system-out>
  <testcase classname="testngflags.Flag3" name="login" time="0.000"/>
  <system-out>
    <![CDATA[inconsistent bug]]>
  </system-out>
  <testcase classname="testngflags.Flag3" name="login" time="0.000"/>
  <system-out>
    <![CDATA[inconsistent bug]]>
  </system-out>
  <testcase classname="testngflags.Flag3" name="login" time="0.001"/>
  <system-out>
    <![CDATA[inconsistent bug]]>
  </system-out>
  <testcase classname="testngflags.Flag3" name="login" time="0.002"/>
  <system-out>
    <![CDATA[inconsistent bug]]>
  </system-out>
  <testcase classname="testngflags.Flag3" name="login" time="0.001"/>
  <system-out>
    <![CDATA[inconsistent bug]]>
  </system-out>
  <testcase classname="testngflags.Flag3" name="login" time="0.000"/>
  <system-out>
    <![CDATA[inconsistent bug]]>
  </system-out>
  <testcase classname="testngflags.Flag3" name="login" time="0.000"/>
  <system-out>
    <![CDATA[inconsistent bug]]>
  </system-out>
  <testcase classname="testngflags.Flag3" name="login" time="0.002"/>
  <system-out>
    <![CDATA[inconsistent bug]]>
  </system-out>
  <testcase classname="testngflags.Flag3" name="login" time="0.001"/>
  <system-out>
    <![CDATA[inconsistent bug]]>
  </system-out>
  <testcase classname="testngflags.Flag3" name="login" time="0.001"/>
  <system-out>
    <![CDATA[inconsistent bug]]>
  </system-out>
  <testcase classname="testngflags.Flag3" name="login" time="0.002"/>
  <system-out>
    <![CDATA[inconsistent bug]]>
  </system-out>
  <testcase classname="testngflags.Flag3" name="login" time="0.001"/>
  <system-out>
    <![CDATA[inconsistent bug]]>
  </system-out>
  <testcase classname="testngflags.Flag3" name="login" time="0.001"/>
  <system-out>
    <![CDATA[inconsistent bug]]>
  </system-out>
  <testcase classname="testngflags.Flag3" name="login" time="0.047"/>
  <system-out>
    <![CDATA[inconsistent bug]]>
  </system-out>
  <testcase classname="testngflags.Flag3" name="login" time="0.001"/>
  <system-out>
    <![CDATA[inconsistent bug]]>
  </system-out>
  <testcase classname="testngflags.Flag3" name="login" time="0.092"/>
  <system-out>
    <![CDATA[inconsistent bug]]>
  </system-out>
  <testcase classname="testngflags.Flag3" name="login" time="0.001"/>
  <system-out>
    <![CDATA[inconsistent bug]]>
  </system-out>
  <testcase classname="testngflags.Flag3" name="login" time="0.003"/>
  <system-out>
    <![CDATA[inconsistent bug]]>
  </system-out>
  <testcase classname="testngflags.Flag3" name="login" time="0.001"/>
  <system-out>
    <![CDATA[inconsistent bug]]>
  </system-out>
  <testcase classname="testngflags.Flag3" name="login" time="0.001"/>
  <system-out>
    <![CDATA[inconsistent bug]]>
  </system-out>
  <testcase classname="testngflags.Flag3" name="login" time="0.000"/>
  <system-out>
    <![CDATA[inconsistent bug]]>
  </system-out>
  <testcase classname="testngflags.Flag3" name="login" time="0.001"/>
  <system-out>
    <![CDATA[inconsistent bug]]>
  </system-out>
  <testcase classname="testngflags.Flag3" name="login" time="0.001"/>
  <system-out>
    <![CDATA[inconsistent bug]]>
  </system-out>
  <testcase classname="testngflags.Flag3" name="login" time="0.003"/>
  <system-out>
    <![CDATA[inconsistent bug]]>
  </system-out>
  <testcase classname="testngflags.Flag3" name="login" time="0.001"/>
  <system-out>
    <![CDATA[inconsistent bug]]>
  </system-out>
  <testcase classname="testngflags.Flag3" name="login" time="0.001"/>
  <system-out>
    <![CDATA[inconsistent bug]]>
  </system-out>
  <testcase classname="testngflags.Flag3" name="login" time="0.001"/>
  <system-out>
    <![CDATA[inconsistent bug]]>
  </system-out>
  <testcase classname="testngflags.Flag3" name="login" time="0.003"/>
  <system-out>
    <![CDATA[inconsistent bug]]>
  </system-out>
  <testcase classname="testngflags.Flag3" name="login" time="0.003"/>
  <system-out>
    <![CDATA[inconsistent bug]]>
  </system-out>
  <testcase classname="testngflags.Flag3" name="login" time="0.003"/>
  <system-out>
    <![CDATA[inconsistent bug]]>
  </system-out>
  <testcase classname="testngflags.Flag3" name="login" time="0.005"/>
  <system-out>
    <![CDATA[inconsistent bug]]>
  </system-out>
  <testcase classname="testngflags.Flag3" name="login" time="0.000"/>
  <system-out>
    <![CDATA[inconsistent bug]]>
  </system-out>
  <testcase classname="testngflags.Flag3" name="login" time="0.001"/>
  <system-out>
    <![CDATA[inconsistent bug]]>
  </system-out>
  <testcase classname="testngflags.Flag3" name="login" time="0.001"/>
  <system-out>
    <![CDATA[inconsistent bug]]>
  </system-out>
  <testcase classname="testngflags.Flag3" name="login" time="0.001"/>
  <system-out>
    <![CDATA[inconsistent bug]]>
  </system-out>
  <testcase classname="testngflags.Flag3" name="login" time="0.002"/>
  <system-out>
    <![CDATA[inconsistent bug]]>
  </system-out>
  <testcase classname="testngflags.Flag3" name="login" time="0.001"/>
  <system-out>
    <![CDATA[inconsistent bug]]>
  </system-out>
  <testcase classname="testngflags.Flag3" name="login" time="0.000"/>
  <system-out>
    <![CDATA[inconsistent bug]]>
  </system-out>
  <testcase classname="testngflags.Flag3" name="login" time="0.003"/>
  <system-out>
    <![CDATA[inconsistent bug]]>
  </system-out>
  <testcase classname="testngflags.Flag3" name="login" time="0.002"/>
  <system-out>
    <![CDATA[inconsistent bug]]>
  </system-out>
  <testcase classname="testngflags.Flag3" name="login" time="0.001"/>
  <system-out>
    <![CDATA[inconsistent bug]]>
  </system-out>
  <testcase classname="testngflags.Flag3" name="login" time="0.001"/>
  <system-out>
    <![CDATA[inconsistent bug]]>
  </system-out>
  <testcase classname="testngflags.Flag3" name="login" time="0.001"/>
  <system-out>
    <![CDATA[inconsistent bug]]>
  </system-out>
  <testcase classname="testngflags.Flag3" name="login" time="0.001"/>
  <system-out>
    <![CDATA[inconsistent bug]]>
  </system-out>
  <testcase classname="testngflags.Flag3" name="login" time="0.000"/>
  <system-out>
    <![CDATA[inconsistent bug]]>
  </system-out>
  <testcase classname="testngflags.Flag3" name="login" time="0.001"/>
  <system-out>
    <![CDATA[inconsistent bug]]>
  </system-out>
  <testcase classname="testngflags.Flag3" name="login" time="0.004"/>
  <system-out>
    <![CDATA[inconsistent bug]]>
  </system-out>
  <testcase classname="testngflags.Flag3" name="login" time="0.001"/>
  <system-out>
    <![CDATA[inconsistent bug]]>
  </system-out>
  <testcase classname="testngflags.Flag3" name="login" time="0.001"/>
  <system-out>
    <![CDATA[inconsistent bug]]>
  </system-out>
  <testcase classname="testngflags.Flag3" name="login" time="0.001"/>
  <system-out>
    <![CDATA[inconsistent bug]]>
  </system-out>
  <testcase classname="testngflags.Flag3" name="login" time="0.000"/>
  <system-out>
    <![CDATA[inconsistent bug]]>
  </system-out>
  <testcase classname="testngflags.Flag3" name="login" time="0.001"/>
  <system-out>
    <![CDATA[inconsistent bug]]>
  </system-out>
  <testcase classname="testngflags.Flag3" name="login" time="0.001"/>
  <system-out>
    <![CDATA[inconsistent bug]]>
  </system-out>
  <testcase classname="testngflags.Flag3" name="login" time="0.001"/>
  <system-out>
    <![CDATA[inconsistent bug]]>
  </system-out>
  <testcase classname="testngflags.Flag3" name="login" time="0.001"/>
  <system-out>
    <![CDATA[inconsistent bug]]>
  </system-out>
  <testcase classname="testngflags.Flag3" name="login" time="0.001"/>
  <system-out>
    <![CDATA[inconsistent bug]]>
  </system-out>
  <testcase classname="testngflags.Flag3" name="login" time="0.001"/>
  <system-out>
    <![CDATA[inconsistent bug]]>
  </system-out>
  <testcase classname="testngflags.Flag3" name="login" time="0.000"/>
  <system-out>
    <![CDATA[inconsistent bug]]>
  </system-out>
  <testcase classname="testngflags.Flag3" name="login" time="0.001"/>
  <system-out>
    <![CDATA[inconsistent bug]]>
  </system-out>
  <testcase classname="testngflags.Flag3" name="login" time="0.001"/>
  <system-out>
    <![CDATA[inconsistent bug]]>
  </system-out>
  <testcase classname="testngflags.Flag3" name="login" time="0.001"/>
  <system-out>
    <![CDATA[inconsistent bug]]>
  </system-out>
  <testcase classname="testngflags.Flag3" name="login" time="0.008"/>
  <system-out>
    <![CDATA[inconsistent bug]]>
  </system-out>
  <testcase classname="testngflags.Flag3" name="login" time="0.001"/>
  <system-out>
    <![CDATA[inconsistent bug]]>
  </system-out>
  <testcase classname="testngflags.Flag3" name="login" time="0.001"/>
  <system-out>
    <![CDATA[inconsistent bug]]>
  </system-out>
  <testcase classname="testngflags.Flag3" name="login" time="0.001"/>
  <system-out>
    <![CDATA[inconsistent bug]]>
  </system-out>
  <testcase classname="testngflags.Flag3" name="login" time="0.000"/>
  <system-out>
    <![CDATA[inconsistent bug]]>
  </system-out>
  <testcase classname="testngflags.Flag3" name="login" time="0.005"/>
  <system-out>
    <![CDATA[inconsistent bug]]>
  </system-out>
  <testcase classname="testngflags.Flag3" name="login" time="0.000"/>
  <system-out>
    <![CDATA[inconsistent bug]]>
  </system-out>
  <testcase classname="testngflags.Flag3" name="login" time="0.001"/>
  <system-out>
    <![CDATA[inconsistent bug]]>
  </system-out>
  <testcase classname="testngflags.Flag3" name="login" time="0.001"/>
  <system-out>
    <![CDATA[inconsistent bug]]>
  </system-out>
  <testcase classname="testngflags.Flag3" name="login" time="0.001"/>
  <system-out>
    <![CDATA[inconsistent bug]]>
  </system-out>
  <testcase classname="testngflags.Flag3" name="login" time="0.001"/>
  <system-out>
    <![CDATA[inconsistent bug]]>
  </system-out>
  <testcase classname="testngflags.Flag3" name="login" time="0.001"/>
  <system-out>
    <![CDATA[inconsistent bug]]>
  </system-out>
  <testcase classname="testngflags.Flag3" name="login" time="0.000"/>
  <system-out>
    <![CDATA[inconsistent bug]]>
  </system-out>
  <testcase classname="testngflags.Flag3" name="login" time="0.002"/>
  <system-out>
    <![CDATA[inconsistent bug]]>
  </system-out>
  <testcase classname="testngflags.Flag3" name="login" time="0.008"/>
  <system-out>
    <![CDATA[inconsistent bug]]>
  </system-out>
  <testcase classname="testngflags.Flag3" name="login" time="0.002"/>
  <system-out>
    <![CDATA[inconsistent bug]]>
  </system-out>
  <testcase classname="testngflags.Flag3" name="login" time="0.001"/>
  <system-out>
    <![CDATA[inconsistent bug]]>
  </system-out>
  <testcase classname="testngflags.Flag3" name="login" time="0.001"/>
  <system-out>
    <![CDATA[inconsistent bug]]>
  </system-out>
  <testcase classname="testngflags.Flag3" name="login" time="0.000"/>
  <system-out>
    <![CDATA[inconsistent bug]]>
  </system-out>
  <testcase classname="testngflags.Flag3" name="login" time="0.001"/>
  <system-out>
    <![CDATA[inconsistent bug]]>
  </system-out>
  <testcase classname="testngflags.Flag3" name="login" time="0.000"/>
  <system-out>
    <![CDATA[inconsistent bug]]>
  </system-out>
  <testcase classname="testngflags.Flag3" name="login" time="0.001"/>
  <system-out>
    <![CDATA[inconsistent bug]]>
  </system-out>
  <testcase classname="testngflags.Flag3" name="login" time="0.001"/>
  <system-out>
    <![CDATA[inconsistent bug]]>
  </system-out>
[...]
  <system-out>
    <![CDATA[inconsistent bug]]>
  </system-out>
  <testcase classname="testngflags.Flag3" name="login" time="0.002"/>
  <system-out>
    <![CDATA[inconsistent bug]]>
  </system-out>
  <testcase classname="testngflags.Flag3" name="login" time="0.000"/>
  <system-out>
    <![CDATA[inconsistent bug]]>
  </system-out>
  <testcase classname="testngflags.Flag3" name="login" time="0.001"/>
  <system-out>
    <![CDATA[inconsistent bug]]>
  </system-out>
  <testcase classname="testngflags.Flag3" name="login" time="0.001"/>
  <system-out>
    <![CDATA[inconsistent bug]]>
  </system-out>
  <testcase classname="testngflags.Flag3" name="login" time="0.001"/>
  <system-out>
    <![CDATA[inconsistent bug]]>
  </system-out>
  <testcase classname="testngflags.Flag3" name="login" time="0.001"/>
  <system-out>
    <![CDATA[inconsistent bug]]>
  </system-out>
  <testcase classname="testngflags.Flag3" name="login" time="0.001"/>
  <system-out>
    <![CDATA[inconsistent bug]]>
  </system-out>
  <testcase classname="testngflags.Flag3" name="login" time="0.003"/>
  <system-out>
    <![CDATA[inconsistent bug]]>
  </system-out>
  <testcase classname="testngflags.Flag3" name="login" time="0.001"/>
  <system-out>
    <![CDATA[inconsistent bug]]>
  </system-out>
  <testcase classname="testngflags.Flag3" name="login" time="0.000"/>
  <system-out>
    <![CDATA[inconsistent bug]]>
  </system-out>
  <testcase classname="testngflags.Flag3" name="login" time="0.001"/>
  <system-out>
    <![CDATA[inconsistent bug]]>
  </system-out>
  <testcase classname="testngflags.Flag3" name="login" time="0.006"/>
  <system-out>
    <![CDATA[inconsistent bug]]>
  </system-out>
  <testcase classname="testngflags.Flag3" name="login" time="0.000"/>
  <system-out>
    <![CDATA[inconsistent bug]]>
  </system-out>
  <testcase classname="testngflags.Flag3" name="login" time="0.000"/>
  <system-out>
    <![CDATA[inconsistent bug]]>
  </system-out>
  <testcase classname="testngflags.Flag3" name="login" time="0.102"/>
  <system-out>
    <![CDATA[inconsistent bug]]>
  </system-out>
  <testcase classname="testngflags.Flag3" name="login" time="0.001"/>
  <system-out>
    <![CDATA[inconsistent bug]]>
  </system-out>
  <testcase classname="testngflags.Flag3" name="login" time="0.000"/>
  <system-out>
    <![CDATA[inconsistent bug]]>
  </system-out>
  <testcase classname="testngflags.Flag3" name="login" time="0.001"/>
  <system-out>
    <![CDATA[inconsistent bug]]>
  </system-out>
  <testcase classname="testngflags.Flag3" name="login" time="0.001"/>
  <system-out>
    <![CDATA[inconsistent bug]]>
  </system-out>
  <testcase classname="testngflags.Flag3" name="login" time="0.001"/>
  <system-out>
    <![CDATA[inconsistent bug]]>
  </system-out>
  <testcase classname="testngflags.Flag3" name="login" time="0.001"/>
  <system-out>
    <![CDATA[inconsistent bug]]>
  </system-out>
  <testcase classname="testngflags.Flag3" name="login" time="0.001"/>
  <system-out>
    <![CDATA[inconsistent bug]]>
  </system-out>
  <testcase classname="testngflags.Flag3" name="login" time="0.001"/>
  <system-out>
    <![CDATA[inconsistent bug]]>
  </system-out>
  <testcase classname="testngflags.Flag3" name="login" time="0.001"/>
  <system-out>
    <![CDATA[inconsistent bug]]>
  </system-out>
  <testcase classname="testngflags.Flag3" name="login" time="0.001"/>
  <system-out>
    <![CDATA[inconsistent bug]]>
  </system-out>
  <testcase classname="testngflags.Flag3" name="login" time="0.001"/>
  <system-out>
    <![CDATA[inconsistent bug]]>
  </system-out>
  <testcase classname="testngflags.Flag3" name="login" time="0.001"/>
  <system-out>
    <![CDATA[inconsistent bug]]>
  </system-out>
  <testcase classname="testngflags.Flag3" name="login" time="0.001"/>
  <system-out>
    <![CDATA[inconsistent bug]]>
  </system-out>
  <testcase classname="testngflags.Flag3" name="login" time="0.002"/>
  <system-out>
    <![CDATA[inconsistent bug]]>
  </system-out>
  <testcase classname="testngflags.Flag3" name="login" time="0.001"/>
  <system-out>
    <![CDATA[inconsistent bug]]>
  </system-out>
  <testcase classname="testngflags.Flag3" name="login" time="0.002"/>
  <system-out>
    <![CDATA[inconsistent bug]]>
  </system-out>
  <testcase classname="testngflags.Flag3" name="login" time="0.003"/>
  <system-out>
    <![CDATA[inconsistent bug]]>
  </system-out>
  <testcase classname="testngflags.Flag3" name="login" time="0.002"/>
  <system-out>
    <![CDATA[inconsistent bug]]>
  </system-out>
  <testcase classname="testngflags.Flag3" name="login" time="0.002"/>
  <system-out>
    <![CDATA[inconsistent bug]]>
  </system-out>
  <testcase classname="testngflags.Flag3" name="login" time="0.003"/>
  <system-out>
    <![CDATA[inconsistent bug]]>
  </system-out>
  <testcase classname="testngflags.Flag3" name="login" time="0.001"/>
  <system-out>
    <![CDATA[inconsistent bug]]>
  </system-out>
  <testcase classname="testngflags.Flag3" name="login" time="0.001"/>
  <system-out>
    <![CDATA[inconsistent bug]]>
  </system-out>
  <testcase classname="testngflags.Flag3" name="login" time="0.002"/>
  <system-out>
    <![CDATA[inconsistent bug]]>
  </system-out>
  <testcase classname="testngflags.Flag3" name="login" time="0.007"/>
  <system-out>
    <![CDATA[inconsistent bug]]>
  </system-out>
  <testcase classname="testngflags.Flag3" name="login" time="0.001"/>
  <system-out>
    <![CDATA[inconsistent bug]]>
  </system-out>
  <testcase classname="testngflags.Flag3" name="login" time="0.001"/>
  <system-out>
    <![CDATA[inconsistent bug]]>
  </system-out>
  <testcase classname="testngflags.Flag3" name="login" time="0.002"/>
  <system-out>
    <![CDATA[inconsistent bug]]>
  </system-out>
  <testcase classname="testngflags.Flag3" name="login" time="0.001"/>
  <system-out>
    <![CDATA[inconsistent bug]]>
  </system-out>
  <testcase classname="testngflags.Flag3" name="login" time="0.001"/>
  <system-out>
    <![CDATA[inconsistent bug]]>
  </system-out>
  <testcase classname="testngflags.Flag3" name="login" time="0.000"/>
  <system-out>
    <![CDATA[inconsistent bug]]>
  </system-out>
  <testcase classname="testngflags.Flag3" name="login" time="0.001"/>
  <system-out>
    <![CDATA[inconsistent bug]]>
  </system-out>
  <testcase classname="testngflags.Flag3" name="login" time="0.001"/>
  <system-out>
    <![CDATA[inconsistent bug]]>
  </system-out>
  <testcase classname="testngflags.Flag3" name="login" time="0.001"/>
  <system-out>
    <![CDATA[inconsistent bug]]>
  </system-out>
  <testcase classname="testngflags.Flag3" name="login" time="0.001"/>
  <system-out>
    <![CDATA[inconsistent bug]]>
  </system-out>
  <testcase classname="testngflags.Flag3" name="login" time="0.001"/>
  <system-out>
    <![CDATA[inconsistent bug]]>
  </system-out>
  <testcase classname="testngflags.Flag3" name="login" time="0.001"/>
  <system-out>
    <![CDATA[inconsistent bug]]>
  </system-out>
  <testcase classname="testngflags.Flag3" name="login" time="0.001"/>
  <system-out>
    <![CDATA[inconsistent bug]]>
  </system-out>
  <testcase classname="testngflags.Flag3" name="login" time="0.001"/>
  <system-out>
    <![CDATA[inconsistent bug]]>
  </system-out>
  <testcase classname="testngflags.Flag3" name="login" time="0.002"/>
  <system-out>
    <![CDATA[inconsistent bug]]>
  </system-out>
  <testcase classname="testngflags.Flag3" name="login" time="0.001"/>
  <system-out>
    <![CDATA[inconsistent bug]]>
  </system-out>
  <testcase classname="testngflags.Flag3" name="login" time="0.002"/>
  <system-out>
    <![CDATA[inconsistent bug]]>
  </system-out>
  <testcase classname="testngflags.Flag3" name="login" time="0.001"/>
  <system-out>
    <![CDATA[inconsistent bug]]>
  </system-out>
  <testcase classname="testngflags.Flag3" name="login" time="0.001"/>
  <system-out>
    <![CDATA[inconsistent bug]]>
  </system-out>
  <testcase classname="testngflags.Flag3" name="login" time="0.002"/>
  <system-out>
    <![CDATA[inconsistent bug]]>
  </system-out>
  <testcase classname="testngflags.Flag3" name="login" time="0.001"/>
  <system-out>
    <![CDATA[inconsistent bug]]>
  </system-out>
  <testcase classname="testngflags.Flag3" name="login" time="0.001"/>
  <system-out>
    <![CDATA[inconsistent bug]]>
  </system-out>
  <testcase classname="testngflags.Flag3" name="login" time="0.001"/>
  <system-out>
    <![CDATA[inconsistent bug]]>
  </system-out>
  <testcase classname="testngflags.Flag3" name="login" time="0.002"/>
  <system-out>
    <![CDATA[inconsistent bug]]>
  </system-out>
  <testcase classname="testngflags.Flag3" name="login" time="0.000"/>
  <system-out>
    <![CDATA[inconsistent bug]]>
  </system-out>
  <testcase classname="testngflags.Flag3" name="login" time="0.001"/>
  <system-out>
    <![CDATA[inconsistent bug]]>
  </system-out>
  <testcase classname="testngflags.Flag3" name="login" time="0.001"/>
  <system-out>
    <![CDATA[inconsistent bug]]>
  </system-out>
  <testcase classname="testngflags.Flag3" name="login" time="0.002"/>
  <system-out>
    <![CDATA[inconsistent bug]]>
  </system-out>
  <testcase classname="testngflags.Flag3" name="login" time="0.001"/>
  <system-out>
    <![CDATA[inconsistent bug]]>
  </system-out>
  <testcase classname="testngflags.Flag3" name="login" time="0.001"/>
  <system-out>
    <![CDATA[inconsistent bug]]>
  </system-out>
  <testcase classname="testngflags.Flag3" name="login" time="0.001"/>
  <system-out>
    <![CDATA[inconsistent bug]]>
  </system-out>
  <testcase classname="testngflags.Flag3" name="login" time="0.001"/>
  <system-out>
    <![CDATA[inconsistent bug]]>
  </system-out>
  <testcase classname="testngflags.Flag3" name="login" time="0.000"/>
  <system-out>
    <![CDATA[inconsistent bug]]>
  </system-out>
  <testcase classname="testngflags.Flag3" name="login" time="0.001"/>
  <system-out>
    <![CDATA[inconsistent bug]]>
  </system-out>
  <testcase classname="testngflags.Flag3" name="login" time="0.000"/>
  <system-out>
    <![CDATA[inconsistent bug]]>
  </system-out>
  <testcase classname="testngflags.Flag3" name="login" time="0.001"/>
  <system-out>
    <![CDATA[inconsistent bug]]>
  </system-out>
  <testcase classname="testngflags.Flag3" name="login" time="0.001"/>
  <system-out>
    <![CDATA[inconsistent bug]]>
  </system-out>
  <testcase classname="testngflags.Flag3" name="login" time="0.001"/>
  <system-out>
    <![CDATA[inconsistent bug]]>
  </system-out>
  <testcase classname="testngflags.Flag3" name="login" time="0.001"/>
  <system-out>
    <![CDATA[inconsistent bug]]>
  </system-out>
  <testcase classname="testngflags.Flag3" name="login" time="0.002"/>
  <system-out>
    <![CDATA[inconsistent bug]]>
  </system-out>
  <testcase classname="testngflags.Flag3" name="login" time="0.001"/>
  <system-out>
    <![CDATA[inconsistent bug]]>
  </system-out>
  <testcase classname="testngflags.Flag3" name="login" time="0.001"/>
  <system-out>
    <![CDATA[inconsistent bug]]>
  </system-out>
  <testcase classname="testngflags.Flag3" name="login" time="0.001"/>
  <system-out>
    <![CDATA[inconsistent bug]]>
  </system-out>
  <testcase classname="testngflags.Flag3" name="login" time="0.000"/>
  <system-out>
    <![CDATA[inconsistent bug]]>
  </system-out>
  <testcase classname="testngflags.Flag3" name="login" time="0.001"/>
  <system-out>
    <![CDATA[inconsistent bug]]>
  </system-out>
  <testcase classname="testngflags.Flag3" name="login" time="0.004"/>
  <system-out>
    <![CDATA[inconsistent bug]]>
  </system-out>
  <testcase classname="testngflags.Flag3" name="login" time="0.000"/>
  <system-out>
    <![CDATA[inconsistent bug]]>
  </system-out>
  <testcase classname="testngflags.Flag3" name="login" time="0.001"/>
  <system-out>
    <![CDATA[inconsistent bug]]>
  </system-out>
  <testcase classname="testngflags.Flag3" name="login" time="0.001"/>
  <system-out>
    <![CDATA[inconsistent bug]]>
  </system-out>
  <testcase classname="testngflags.Flag3" name="login" time="0.003"/>
  <system-out>
    <![CDATA[inconsistent bug]]>
  </system-out>
  <testcase classname="testngflags.Flag3" name="login" time="0.002"/>
  <system-out>
    <![CDATA[inconsistent bug]]>
  </system-out>
  <testcase classname="testngflags.Flag3" name="login" time="0.003"/>
  <system-out>
    <![CDATA[inconsistent bug]]>
  </system-out>
  <testcase classname="testngflags.Flag3" name="login" time="0.001"/>
  <system-out>
    <![CDATA[inconsistent bug]]>
  </system-out>
  <testcase classname="testngflags.Flag3" name="login" time="0.001"/>
  <system-out>
    <![CDATA[inconsistent bug]]>
  </system-out>
  <testcase classname="testngflags.Flag3" name="login" time="0.001"/>
  <system-out>
    <![CDATA[inconsistent bug]]>
  </system-out>
  <testcase classname="testngflags.Flag3" name="login" time="0.002"/>
  <system-out>
    <![CDATA[inconsistent bug]]>
  </system-out>
  <testcase classname="testngflags.Flag3" name="login" time="0.002"/>
  <system-out>
    <![CDATA[inconsistent bug]]>
  </system-out>
  <testcase classname="testngflags.Flag3" name="login" time="0.001"/>
  <system-out>
    <![CDATA[inconsistent bug]]>
  </system-out>
  <testcase classname="testngflags.Flag3" name="login" time="0.001"/>
  <system-out>
    <![CDATA[inconsistent bug]]>
  </system-out>
  <testcase classname="testngflags.Flag3" name="login" time="0.001"/>
  <system-out>
    <![CDATA[inconsistent bug]]>
  </system-out>
  <testcase classname="testngflags.Flag3" name="login" time="0.001"/>
  <system-out>
    <![CDATA[inconsistent bug]]>
  </system-out>
  <testcase classname="testngflags.Flag3" name="login" time="0.001"/>
  <system-out>
    <![CDATA[inconsistent bug]]>
  </system-out>
  <testcase classname="testngflags.Flag3" name="login" time="0.001"/>
  <system-out>
    <![CDATA[inconsistent bug]]>
  </system-out>
  <testcase classname="testngflags.Flag3" name="login" time="0.001"/>
  <system-out>
    <![CDATA[inconsistent bug]]>
  </system-out>
  <testcase classname="testngflags.Flag3" name="login" time="0.000"/>
  <system-out>
    <![CDATA[inconsistent bug]]>
  </system-out>
  <testcase classname="testngflags.Flag3" name="login" time="0.001"/>
  <system-out>
    <![CDATA[inconsistent bug]]>
  </system-out>
  <testcase classname="testngflags.Flag3" name="login" time="0.001"/>
  <system-out>
    <![CDATA[inconsistent bug]]>
  </system-out>
  <testcase classname="testngflags.Flag3" name="login" time="0.001"/>
  <system-out>
    <![CDATA[inconsistent bug]]>
  </system-out>
  <testcase classname="testngflags.Flag3" name="login" time="0.001"/>
  <system-out>
    <![CDATA[inconsistent bug]]>
  </system-out>
  <testcase classname="testngflags.Flag3" name="login" time="0.001"/>
  <system-out>
    <![CDATA[inconsistent bug]]>
  </system-out>
  <testcase classname="testngflags.Flag3" name="login" time="0.001"/>
  <system-out>
    <![CDATA[inconsistent bug]]>
  </system-out>
  <testcase classname="testngflags.Flag3" name="login" time="0.001"/>
  <system-out>
    <![CDATA[inconsistent bug]]>
  </system-out>
  <testcase classname="testngflags.Flag3" name="login" time="0.001"/>
  <system-out>
    <![CDATA[inconsistent bug]]>
  </system-out>
  <testcase classname="testngflags.Flag3" name="login" time="0.001"/>
  <system-out>
    <![CDATA[inconsistent bug]]>
  </system-out>
  <testcase classname="testngflags.Flag3" name="login" time="0.001"/>
  <system-out>
    <![CDATA[inconsistent bug]]>
  </system-out>
  <testcase classname="testngflags.Flag3" name="login" time="0.001"/>
  <system-out>
    <![CDATA[inconsistent bug]]>
  </system-out>
  <testcase classname="testngflags.Flag3" name="login" time="0.000"/>
  <system-out>
    <![CDATA[inconsistent bug]]>
  </system-out>
  <testcase classname="testngflags.Flag3" name="login" time="0.009"/>
  <system-out>
    <![CDATA[inconsistent bug]]>
  </system-out>
  <testcase classname="testngflags.Flag3" name="login" time="0.001"/>
  <system-out>
    <![CDATA[inconsistent bug]]>
  </system-out>
  <testcase classname="testngflags.Flag3" name="login" time="0.001"/>
  <system-out>
    <![CDATA[inconsistent bug]]>
  </system-out>
  <testcase classname="testngflags.Flag3" name="login" time="0.000"/>
  <system-out>
    <![CDATA[inconsistent bug]]>
  </system-out>
  <testcase classname="testngflags.Flag3" name="login" time="0.000"/>
  <system-out>
    <![CDATA[inconsistent bug]]>
  </system-out>
  <testcase classname="testngflags.Flag3" name="login" time="0.005"/>
  <system-out>
    <![CDATA[inconsistent bug]]>
  </system-out>
  <testcase classname="testngflags.Flag3" name="login" time="0.001"/>
  <system-out>
    <![CDATA[inconsistent bug]]>
  </system-out>
  <testcase classname="testngflags.Flag3" name="login" time="0.038"/>
  <system-out>
    <![CDATA[inconsistent bug]]>
  </system-out>
  <testcase classname="testngflags.Flag3" name="login" time="0.001"/>
  <system-out>
    <![CDATA[inconsistent bug]]>
  </system-out>
  <testcase classname="testngflags.Flag3" name="login" time="0.000"/>
  <system-out>
    <![CDATA[inconsistent bug]]>
  </system-out>
  <testcase classname="testngflags.Flag3" name="login" time="0.001"/>
  <system-out>
    <![CDATA[inconsistent bug]]>
  </system-out>
  <testcase classname="testngflags.Flag3" name="login" time="0.001"/>
  <system-out>
    <![CDATA[inconsistent bug]]>
  </system-out>
  <testcase classname="testngflags.Flag3" name="login" time="0.001"/>
  <system-out>
    <![CDATA[inconsistent bug]]>
  </system-out>
  <testcase classname="testngflags.Flag3" name="login" time="0.001"/>
  <system-out>
    <![CDATA[inconsistent bug]]>
  </system-out>
  <testcase classname="testngflags.Flag3" name="login" time="0.001"/>
  <system-out>
    <![CDATA[inconsistent bug]]>
  </system-out>
  <testcase classname="testngflags.Flag3" name="login" time="0.001"/>
  <system-out>
    <![CDATA[inconsistent bug]]>
  </system-out>
  <testcase classname="testngflags.Flag3" name="login" time="0.007"/>
  <system-out>
    <![CDATA[inconsistent bug]]>
  </system-out>
  <testcase classname="testngflags.Flag3" name="login" time="0.011"/>
  <system-out>
    <![CDATA[inconsistent bug]]>
  </system-out>
  <testcase classname="testngflags.Flag3" name="login" time="0.001"/>
  <system-out>
    <![CDATA[inconsistent bug]]>
  </system-out>
  <testcase classname="testngflags.Flag3" name="login" time="0.047"/>
  <system-out>
    <![CDATA[inconsistent bug]]>
  </system-out>
  <testcase classname="testngflags.Flag3" name="login" time="0.002"/>
  <system-out>
    <![CDATA[inconsistent bug]]>
  </system-out>
  <testcase classname="testngflags.Flag3" name="login" time="0.001"/>
  <system-out>
    <![CDATA[inconsistent bug]]>
  </system-out>
  <testcase classname="testngflags.Flag3" name="login" time="0.002"/>
  <system-out>
    <![CDATA[inconsistent bug]]>
  </system-out>
  <testcase classname="testngflags.Flag3" name="login" time="0.006"/>
  <system-out>
    <![CDATA[inconsistent bug]]>
  </system-out>
  <testcase classname="testngflags.Flag3" name="login" time="0.000"/>
  <system-out>
    <![CDATA[inconsistent bug]]>
  </system-out>
  <testcase classname="testngflags.Flag3" name="login" time="0.001"/>
  <system-out>
    <![CDATA[inconsistent bug]]>
  </system-out>
  <testcase classname="testngflags.Flag3" name="login" time="0.002"/>
  <system-out>
    <![CDATA[inconsistent bug]]>
  </system-out>
  <testcase classname="testngflags.Flag3" name="login" time="0.001"/>
  <system-out>
    <![CDATA[inconsistent bug]]>
  </system-out>
  <testcase classname="testngflags.Flag3" name="login" time="0.000"/>
  <system-out>
    <![CDATA[inconsistent bug]]>
  </system-out>
  <testcase classname="testngflags.Flag3" name="login" time="0.001"/>
  <system-out>
    <![CDATA[inconsistent bug]]>
  </system-out>
  <testcase classname="testngflags.Flag3" name="login" time="0.001"/>
  <system-out>
    <![CDATA[inconsistent bug]]>
  </system-out>
  <testcase classname="testngflags.Flag3" name="login" time="0.000"/>
  <system-out>
    <![CDATA[inconsistent bug]]>
  </system-out>
</testsuite> <!-- testngflags.Flag3 -->
