<?xml version="1.0" encoding="UTF-8"?>
<!-- Generated by org.testng.reporters.JUnitXMLReporter -->
<testsuite ignored="0" hostname="LAPTOP-RPK18C26" failures="0" tests="9" name="Default test" time="0.611" errors="0" timestamp="2022-06-07T21:54:57 IST">
  <testcase classname="testngflags.Flag41" name="a" time="0.072"/>
  <testcase classname="testngflags.Flag41" name="b" time="0.011"/>
  <testcase classname="testngflags.Flag41" name="g" time="0.009"/>
  <testcase classname="testngflags.Flag41" name="k" time="0.009"/>
  <testcase classname="testngflags.Flag41" name="l" time="0.012"/>
  <testcase classname="testngflags.Flag41" name="h" time="0.012"/>
  <testcase classname="testngflags.Flag41" name="p" time="0.056"/>
  <testcase classname="testngflags.Flag41" name="z" time="0.004"/>
  <testcase classname="testngflags.Flag41" name="m" time="0.002"/>
</testsuite> <!-- Default test -->
