<?xml version="1.0" encoding="UTF-8"?>
<testng-results ignored="0" total="3" passed="3" failed="0" skipped="0">
  <reporter-output>
    <line>
      <![CDATA[sumo class method]]>
    </line>
    <line>
      <![CDATA[remo class method]]>
    </line>
    <line>
      <![CDATA[demo class method]]>
    </line>
  </reporter-output>
  <suite started-at="2022-06-08T08:21:04 IST" name="Suite" finished-at="2022-06-08T08:21:05 IST" duration-ms="890">
    <groups>
    </groups>
    <test started-at="2022-06-08T08:21:04 IST" name="Test" finished-at="2022-06-08T08:21:05 IST" duration-ms="890">
      <class name="testngpack.Sumo">
        <test-method signature="c()[pri:0, instance:testngpack.Sumo@3a6bb9bf]" started-at="2022-06-08T08:21:05 IST" name="c" finished-at="2022-06-08T08:21:05 IST" duration-ms="35" status="PASS">
          <reporter-output>
            <line>
              <![CDATA[sumo class method]]>
            </line>
          </reporter-output>
        </test-method> <!-- c -->
      </class> <!-- testngpack.Sumo -->
      <class name="testngpack.Remo">
        <test-method signature="b()[pri:0, instance:testngpack.Remo@732c2a62]" started-at="2022-06-08T08:21:05 IST" name="b" finished-at="2022-06-08T08:21:05 IST" duration-ms="5" status="PASS">
          <reporter-output>
            <line>
              <![CDATA[remo class method]]>
            </line>
          </reporter-output>
        </test-method> <!-- b -->
      </class> <!-- testngpack.Remo -->
      <class name="testngpack.Demo">
        <test-method signature="a()[pri:0, instance:testngpack.Demo@272ed83b]" started-at="2022-06-08T08:21:05 IST" name="a" finished-at="2022-06-08T08:21:05 IST" duration-ms="8" status="PASS">
          <reporter-output>
            <line>
              <![CDATA[demo class method]]>
            </line>
          </reporter-output>
        </test-method> <!-- a -->
      </class> <!-- testngpack.Demo -->
    </test> <!-- Test -->
  </suite> <!-- Suite -->
</testng-results>
